This is pdfTeX, Version 3.14159265-2.6-1.40.19 (MiKTeX 2.9.6630 64-bit) (preloaded format=pdflatex 2018.5.31)  23 OCT 2018 11:20
entering extended mode
**./student_template.tex
(student_template.tex
LaTeX2e <2017-04-15>
Babel <3.18> and hyphenation patterns for 75 language(s) loaded.
("D:\afchavez\AppData\Local\Programs\MiKTeX 2.9\tex\latex\base\article.cls"
Document Class: article 2014/09/29 v1.4h Standard LaTeX document class
("D:\afchavez\AppData\Local\Programs\MiKTeX 2.9\tex\latex\base\size11.clo"
File: size11.clo 2014/09/29 v1.4h Standard LaTeX file (size option)
)
\c@part=\count79
\c@section=\count80
\c@subsection=\count81
\c@subsubsection=\count82
\c@paragraph=\count83
\c@subparagraph=\count84
\c@figure=\count85
\c@table=\count86
\abovecaptionskip=\skip41
\belowcaptionskip=\skip42
\bibindent=\dimen102
)
(structure.tex
("D:\afchavez\AppData\Local\Programs\MiKTeX 2.9\tex\latex\lastpage\lastpage.sty
"
Package: lastpage 2015/03/29 v1.2m Refers to last page's name (HMM; JPG)
)
("D:\afchavez\AppData\Local\Programs\MiKTeX 2.9\tex\latex\graphics\graphicx.sty
"
Package: graphicx 2017/06/01 v1.1a Enhanced LaTeX Graphics (DPC,SPQR)
 ("D:\afchavez\AppData\Local\Programs\MiKTeX 2.9\tex\latex\graphics\keyval.sty"
Package: keyval 2014/10/28 v1.15 key=value parser (DPC)
\KV@toks@=\toks14
)
("D:\afchavez\AppData\Local\Programs\MiKTeX 2.9\tex\latex\graphics\graphics.sty
"
Package: graphics 2017/06/25 v1.2c Standard LaTeX Graphics (DPC,SPQR)
 ("D:\afchavez\AppData\Local\Programs\MiKTeX 2.9\tex\latex\graphics\trig.sty"
Package: trig 2016/01/03 v1.10 sin cos tan (DPC)
)
("D:\afchavez\AppData\Local\Programs\MiKTeX 2.9\tex\latex\graphics-cfg\graphics
.cfg"
File: graphics.cfg 2016/06/04 v1.11 sample graphics configuration
)
Package graphics Info: Driver file: pdftex.def on input line 99.

("D:\afchavez\AppData\Local\Programs\MiKTeX 2.9\tex\latex\graphics-def\pdftex.d
ef"
File: pdftex.def 2018/01/08 v1.0l Graphics/color driver for pdftex
))
\Gin@req@height=\dimen103
\Gin@req@width=\dimen104
)
("D:\afchavez\AppData\Local\Programs\MiKTeX 2.9\tex\latex\tcolorbox\tcolorbox.s
ty"
Package: tcolorbox 2018/07/26 version 4.14 text color boxes

("D:\afchavez\AppData\Local\Programs\MiKTeX 2.9\tex\latex\pgf\basiclayer\pgf.st
y"
("D:\afchavez\AppData\Local\Programs\MiKTeX 2.9\tex\latex\pgf\utilities\pgfrcs.
sty"
("D:\afchavez\AppData\Local\Programs\MiKTeX 2.9\tex\generic\pgf\utilities\pgfut
il-common.tex"
\pgfutil@everybye=\toks15
\pgfutil@tempdima=\dimen105
\pgfutil@tempdimb=\dimen106

("D:\afchavez\AppData\Local\Programs\MiKTeX 2.9\tex\generic\pgf\utilities\pgfut
il-common-lists.tex"))
("D:\afchavez\AppData\Local\Programs\MiKTeX 2.9\tex\generic\pgf\utilities\pgfut
il-latex.def"
\pgfutil@abb=\box26

("D:\afchavez\AppData\Local\Programs\MiKTeX 2.9\tex\latex\ms\everyshi.sty"
Package: everyshi 2001/05/15 v3.00 EveryShipout Package (MS)
))
("D:\afchavez\AppData\Local\Programs\MiKTeX 2.9\tex\generic\pgf\utilities\pgfrc
s.code.tex"
Package: pgfrcs 2015/08/07 v3.0.1a (rcs-revision 1.31)
))
Package: pgf 2015/08/07 v3.0.1a (rcs-revision 1.15)

("D:\afchavez\AppData\Local\Programs\MiKTeX 2.9\tex\latex\pgf\basiclayer\pgfcor
e.sty"
("D:\afchavez\AppData\Local\Programs\MiKTeX 2.9\tex\latex\pgf\systemlayer\pgfsy
s.sty"
("D:\afchavez\AppData\Local\Programs\MiKTeX 2.9\tex\generic\pgf\systemlayer\pgf
sys.code.tex"
Package: pgfsys 2014/07/09 v3.0.1a (rcs-revision 1.48)

("D:\afchavez\AppData\Local\Programs\MiKTeX 2.9\tex\generic\pgf\utilities\pgfke
ys.code.tex"
\pgfkeys@pathtoks=\toks16
\pgfkeys@temptoks=\toks17

("D:\afchavez\AppData\Local\Programs\MiKTeX 2.9\tex\generic\pgf\utilities\pgfke
ysfiltered.code.tex"
\pgfkeys@tmptoks=\toks18
))
\pgf@x=\dimen107
\pgf@y=\dimen108
\pgf@xa=\dimen109
\pgf@ya=\dimen110
\pgf@xb=\dimen111
\pgf@yb=\dimen112
\pgf@xc=\dimen113
\pgf@yc=\dimen114
\w@pgf@writea=\write3
\r@pgf@reada=\read1
\c@pgf@counta=\count87
\c@pgf@countb=\count88
\c@pgf@countc=\count89
\c@pgf@countd=\count90
\t@pgf@toka=\toks19
\t@pgf@tokb=\toks20
\t@pgf@tokc=\toks21

("D:\afchavez\AppData\Local\Programs\MiKTeX 2.9\tex\generic\pgf\systemlayer\pgf
.cfg"
File: pgf.cfg 2008/05/14  (rcs-revision 1.7)
)
Driver file for pgf: pgfsys-pdftex.def

("D:\afchavez\AppData\Local\Programs\MiKTeX 2.9\tex\generic\pgf\systemlayer\pgf
sys-pdftex.def"
File: pgfsys-pdftex.def 2014/10/11  (rcs-revision 1.35)

("D:\afchavez\AppData\Local\Programs\MiKTeX 2.9\tex\generic\pgf\systemlayer\pgf
sys-common-pdf.def"
File: pgfsys-common-pdf.def 2013/10/10  (rcs-revision 1.13)
)))
("D:\afchavez\AppData\Local\Programs\MiKTeX 2.9\tex\generic\pgf\systemlayer\pgf
syssoftpath.code.tex"
File: pgfsyssoftpath.code.tex 2013/09/09  (rcs-revision 1.9)
\pgfsyssoftpath@smallbuffer@items=\count91
\pgfsyssoftpath@bigbuffer@items=\count92
)
("D:\afchavez\AppData\Local\Programs\MiKTeX 2.9\tex\generic\pgf\systemlayer\pgf
sysprotocol.code.tex"
File: pgfsysprotocol.code.tex 2006/10/16  (rcs-revision 1.4)
))
("D:\afchavez\AppData\Local\Programs\MiKTeX 2.9\tex\latex\xcolor\xcolor.sty"
Package: xcolor 2016/05/11 v2.12 LaTeX color extensions (UK)

("D:\afchavez\AppData\Local\Programs\MiKTeX 2.9\tex\latex\graphics-cfg\color.cf
g"
File: color.cfg 2016/01/02 v1.6 sample color configuration
)
Package xcolor Info: Driver file: pdftex.def on input line 225.
Package xcolor Info: Model `cmy' substituted by `cmy0' on input line 1348.
Package xcolor Info: Model `hsb' substituted by `rgb' on input line 1352.
Package xcolor Info: Model `RGB' extended on input line 1364.
Package xcolor Info: Model `HTML' substituted by `rgb' on input line 1366.
Package xcolor Info: Model `Hsb' substituted by `hsb' on input line 1367.
Package xcolor Info: Model `tHsb' substituted by `hsb' on input line 1368.
Package xcolor Info: Model `HSB' substituted by `hsb' on input line 1369.
Package xcolor Info: Model `Gray' substituted by `gray' on input line 1370.
Package xcolor Info: Model `wave' substituted by `hsb' on input line 1371.
)
("D:\afchavez\AppData\Local\Programs\MiKTeX 2.9\tex\generic\pgf\basiclayer\pgfc
ore.code.tex"
Package: pgfcore 2010/04/11 v3.0.1a (rcs-revision 1.7)

("D:\afchavez\AppData\Local\Programs\MiKTeX 2.9\tex\generic\pgf\math\pgfmath.co
de.tex"
("D:\afchavez\AppData\Local\Programs\MiKTeX 2.9\tex\generic\pgf\math\pgfmathcal
c.code.tex"
("D:\afchavez\AppData\Local\Programs\MiKTeX 2.9\tex\generic\pgf\math\pgfmathuti
l.code.tex")
("D:\afchavez\AppData\Local\Programs\MiKTeX 2.9\tex\generic\pgf\math\pgfmathpar
ser.code.tex"
\pgfmath@dimen=\dimen115
\pgfmath@count=\count93
\pgfmath@box=\box27
\pgfmath@toks=\toks22
\pgfmath@stack@operand=\toks23
\pgfmath@stack@operation=\toks24
)
("D:\afchavez\AppData\Local\Programs\MiKTeX 2.9\tex\generic\pgf\math\pgfmathfun
ctions.code.tex"
("D:\afchavez\AppData\Local\Programs\MiKTeX 2.9\tex\generic\pgf\math\pgfmathfun
ctions.basic.code.tex")
("D:\afchavez\AppData\Local\Programs\MiKTeX 2.9\tex\generic\pgf\math\pgfmathfun
ctions.trigonometric.code.tex")
("D:\afchavez\AppData\Local\Programs\MiKTeX 2.9\tex\generic\pgf\math\pgfmathfun
ctions.random.code.tex")
("D:\afchavez\AppData\Local\Programs\MiKTeX 2.9\tex\generic\pgf\math\pgfmathfun
ctions.comparison.code.tex")
("D:\afchavez\AppData\Local\Programs\MiKTeX 2.9\tex\generic\pgf\math\pgfmathfun
ctions.base.code.tex")
("D:\afchavez\AppData\Local\Programs\MiKTeX 2.9\tex\generic\pgf\math\pgfmathfun
ctions.round.code.tex")
("D:\afchavez\AppData\Local\Programs\MiKTeX 2.9\tex\generic\pgf\math\pgfmathfun
ctions.misc.code.tex")
("D:\afchavez\AppData\Local\Programs\MiKTeX 2.9\tex\generic\pgf\math\pgfmathfun
ctions.integerarithmetics.code.tex")))
("D:\afchavez\AppData\Local\Programs\MiKTeX 2.9\tex\generic\pgf\math\pgfmathflo
at.code.tex"
\c@pgfmathroundto@lastzeros=\count94
))
("D:\afchavez\AppData\Local\Programs\MiKTeX 2.9\tex\generic\pgf\basiclayer\pgfc
orepoints.code.tex"
File: pgfcorepoints.code.tex 2013/10/07  (rcs-revision 1.27)
\pgf@picminx=\dimen116
\pgf@picmaxx=\dimen117
\pgf@picminy=\dimen118
\pgf@picmaxy=\dimen119
\pgf@pathminx=\dimen120
\pgf@pathmaxx=\dimen121
\pgf@pathminy=\dimen122
\pgf@pathmaxy=\dimen123
\pgf@xx=\dimen124
\pgf@xy=\dimen125
\pgf@yx=\dimen126
\pgf@yy=\dimen127
\pgf@zx=\dimen128
\pgf@zy=\dimen129
)
("D:\afchavez\AppData\Local\Programs\MiKTeX 2.9\tex\generic\pgf\basiclayer\pgfc
orepathconstruct.code.tex"
File: pgfcorepathconstruct.code.tex 2013/10/07  (rcs-revision 1.29)
\pgf@path@lastx=\dimen130
\pgf@path@lasty=\dimen131
)
("D:\afchavez\AppData\Local\Programs\MiKTeX 2.9\tex\generic\pgf\basiclayer\pgfc
orepathusage.code.tex"
File: pgfcorepathusage.code.tex 2014/11/02  (rcs-revision 1.24)
\pgf@shorten@end@additional=\dimen132
\pgf@shorten@start@additional=\dimen133
)
("D:\afchavez\AppData\Local\Programs\MiKTeX 2.9\tex\generic\pgf\basiclayer\pgfc
orescopes.code.tex"
File: pgfcorescopes.code.tex 2015/05/08  (rcs-revision 1.46)
\pgfpic=\box28
\pgf@hbox=\box29
\pgf@layerbox@main=\box30
\pgf@picture@serial@count=\count95
)
("D:\afchavez\AppData\Local\Programs\MiKTeX 2.9\tex\generic\pgf\basiclayer\pgfc
oregraphicstate.code.tex"
File: pgfcoregraphicstate.code.tex 2014/11/02  (rcs-revision 1.12)
\pgflinewidth=\dimen134
)
("D:\afchavez\AppData\Local\Programs\MiKTeX 2.9\tex\generic\pgf\basiclayer\pgfc
oretransformations.code.tex"
File: pgfcoretransformations.code.tex 2015/08/07  (rcs-revision 1.20)
\pgf@pt@x=\dimen135
\pgf@pt@y=\dimen136
\pgf@pt@temp=\dimen137
)
("D:\afchavez\AppData\Local\Programs\MiKTeX 2.9\tex\generic\pgf\basiclayer\pgfc
orequick.code.tex"
File: pgfcorequick.code.tex 2008/10/09  (rcs-revision 1.3)
)
("D:\afchavez\AppData\Local\Programs\MiKTeX 2.9\tex\generic\pgf\basiclayer\pgfc
oreobjects.code.tex"
File: pgfcoreobjects.code.tex 2006/10/11  (rcs-revision 1.2)
)
("D:\afchavez\AppData\Local\Programs\MiKTeX 2.9\tex\generic\pgf\basiclayer\pgfc
orepathprocessing.code.tex"
File: pgfcorepathprocessing.code.tex 2013/09/09  (rcs-revision 1.9)
)
("D:\afchavez\AppData\Local\Programs\MiKTeX 2.9\tex\generic\pgf\basiclayer\pgfc
orearrows.code.tex"
File: pgfcorearrows.code.tex 2015/05/14  (rcs-revision 1.43)
\pgfarrowsep=\dimen138
)
("D:\afchavez\AppData\Local\Programs\MiKTeX 2.9\tex\generic\pgf\basiclayer\pgfc
oreshade.code.tex"
File: pgfcoreshade.code.tex 2013/07/15  (rcs-revision 1.15)
\pgf@max=\dimen139
\pgf@sys@shading@range@num=\count96
)
("D:\afchavez\AppData\Local\Programs\MiKTeX 2.9\tex\generic\pgf\basiclayer\pgfc
oreimage.code.tex"
File: pgfcoreimage.code.tex 2013/07/15  (rcs-revision 1.18)

("D:\afchavez\AppData\Local\Programs\MiKTeX 2.9\tex\generic\pgf\basiclayer\pgfc
oreexternal.code.tex"
File: pgfcoreexternal.code.tex 2014/07/09  (rcs-revision 1.21)
\pgfexternal@startupbox=\box31
))
("D:\afchavez\AppData\Local\Programs\MiKTeX 2.9\tex\generic\pgf\basiclayer\pgfc
orelayers.code.tex"
File: pgfcorelayers.code.tex 2013/07/18  (rcs-revision 1.7)
)
("D:\afchavez\AppData\Local\Programs\MiKTeX 2.9\tex\generic\pgf\basiclayer\pgfc
oretransparency.code.tex"
File: pgfcoretransparency.code.tex 2013/09/30  (rcs-revision 1.5)
)
("D:\afchavez\AppData\Local\Programs\MiKTeX 2.9\tex\generic\pgf\basiclayer\pgfc
orepatterns.code.tex"
File: pgfcorepatterns.code.tex 2013/11/07  (rcs-revision 1.5)
)))
("D:\afchavez\AppData\Local\Programs\MiKTeX 2.9\tex\generic\pgf\modules\pgfmodu
leshapes.code.tex"
File: pgfmoduleshapes.code.tex 2014/03/21  (rcs-revision 1.35)
\pgfnodeparttextbox=\box32
)
("D:\afchavez\AppData\Local\Programs\MiKTeX 2.9\tex\generic\pgf\modules\pgfmodu
leplot.code.tex"
File: pgfmoduleplot.code.tex 2015/08/03  (rcs-revision 1.13)
)
("D:\afchavez\AppData\Local\Programs\MiKTeX 2.9\tex\latex\pgf\compatibility\pgf
comp-version-0-65.sty"
Package: pgfcomp-version-0-65 2007/07/03 v3.0.1a (rcs-revision 1.7)
\pgf@nodesepstart=\dimen140
\pgf@nodesepend=\dimen141
)
("D:\afchavez\AppData\Local\Programs\MiKTeX 2.9\tex\latex\pgf\compatibility\pgf
comp-version-1-18.sty"
Package: pgfcomp-version-1-18 2007/07/23 v3.0.1a (rcs-revision 1.1)
))
("D:\afchavez\AppData\Local\Programs\MiKTeX 2.9\tex\latex\tools\verbatim.sty"
Package: verbatim 2014/10/28 v1.5q LaTeX2e package for verbatim enhancements
\every@verbatim=\toks25
\verbatim@line=\toks26
\verbatim@in@stream=\read2
)
("D:\afchavez\AppData\Local\Programs\MiKTeX 2.9\tex\latex\environ\environ.sty"
Package: environ 2014/05/04 v0.3 A new way to define environments

("D:\afchavez\AppData\Local\Programs\MiKTeX 2.9\tex\latex\trimspaces\trimspaces
.sty"
Package: trimspaces 2009/09/17 v1.1 Trim spaces around a token list
)
\@envbody=\toks27
)
("D:\afchavez\AppData\Local\Programs\MiKTeX 2.9\tex\latex\etoolbox\etoolbox.sty
"
Package: etoolbox 2018/02/11 v2.5e e-TeX tools for LaTeX (JAW)
\etb@tempcnta=\count97
)
\tcb@titlebox=\box33
\tcb@upperbox=\box34
\tcb@lowerbox=\box35
\tcb@phantombox=\box36
\c@tcbbreakpart=\count98
\c@tcblayer=\count99
\tcolorbox@number=\count100
\tcb@temp=\box37
\tcb@temp=\box38
\tcb@temp=\box39
\tcb@temp=\box40
\tcb@out=\write4
\tcb@record@out=\write5

("D:\afchavez\AppData\Local\Programs\MiKTeX 2.9\tex\latex\tcolorbox\tcbraster.c
ode.tex"
Library (tcolorbox): 'tcbraster.code.tex' version '4.14'
\c@tcbrastercolumn=\count101
\c@tcbrasterrow=\count102
\c@tcbraster=\count103
)
("D:\afchavez\AppData\Local\Programs\MiKTeX 2.9\tex\latex\tcolorbox\tcbskins.co
de.tex"
Library (tcolorbox): 'tcbskins.code.tex' version '4.14'

("D:\afchavez\AppData\Local\Programs\MiKTeX 2.9\tex\latex\pgf\frontendlayer\tik
z.sty"
("D:\afchavez\AppData\Local\Programs\MiKTeX 2.9\tex\latex\pgf\utilities\pgffor.
sty"
("D:\afchavez\AppData\Local\Programs\MiKTeX 2.9\tex\latex\pgf\utilities\pgfkeys
.sty"
("D:\afchavez\AppData\Local\Programs\MiKTeX 2.9\tex\generic\pgf\utilities\pgfke
ys.code.tex"))
("D:\afchavez\AppData\Local\Programs\MiKTeX 2.9\tex\latex\pgf\math\pgfmath.sty"

("D:\afchavez\AppData\Local\Programs\MiKTeX 2.9\tex\generic\pgf\math\pgfmath.co
de.tex"))
("D:\afchavez\AppData\Local\Programs\MiKTeX 2.9\tex\generic\pgf\utilities\pgffo
r.code.tex"
Package: pgffor 2013/12/13 v3.0.1a (rcs-revision 1.25)

("D:\afchavez\AppData\Local\Programs\MiKTeX 2.9\tex\generic\pgf\math\pgfmath.co
de.tex")
\pgffor@iter=\dimen142
\pgffor@skip=\dimen143
\pgffor@stack=\toks28
\pgffor@toks=\toks29
))
("D:\afchavez\AppData\Local\Programs\MiKTeX 2.9\tex\generic\pgf\frontendlayer\t
ikz\tikz.code.tex"
Package: tikz 2015/08/07 v3.0.1a (rcs-revision 1.151)

("D:\afchavez\AppData\Local\Programs\MiKTeX 2.9\tex\generic\pgf\libraries\pgfli
braryplothandlers.code.tex"
File: pgflibraryplothandlers.code.tex 2013/08/31 v3.0.1a (rcs-revision 1.20)
\pgf@plot@mark@count=\count104
\pgfplotmarksize=\dimen144
)
\tikz@lastx=\dimen145
\tikz@lasty=\dimen146
\tikz@lastxsaved=\dimen147
\tikz@lastysaved=\dimen148
\tikzleveldistance=\dimen149
\tikzsiblingdistance=\dimen150
\tikz@figbox=\box41
\tikz@figbox@bg=\box42
\tikz@tempbox=\box43
\tikz@tempbox@bg=\box44
\tikztreelevel=\count105
\tikznumberofchildren=\count106
\tikznumberofcurrentchild=\count107
\tikz@fig@count=\count108

("D:\afchavez\AppData\Local\Programs\MiKTeX 2.9\tex\generic\pgf\modules\pgfmodu
lematrix.code.tex"
File: pgfmodulematrix.code.tex 2013/09/17  (rcs-revision 1.8)
\pgfmatrixcurrentrow=\count109
\pgfmatrixcurrentcolumn=\count110
\pgf@matrix@numberofcolumns=\count111
)
\tikz@expandcount=\count112

("D:\afchavez\AppData\Local\Programs\MiKTeX 2.9\tex\generic\pgf\frontendlayer\t
ikz\libraries\tikzlibrarytopaths.code.tex"
File: tikzlibrarytopaths.code.tex 2008/06/17 v3.0.1a (rcs-revision 1.2)
)))
\tcb@waterbox=\box45

("D:\afchavez\AppData\Local\Programs\MiKTeX 2.9\tex\latex\tcolorbox\tcbskinsjig
saw.code.tex"
Library (tcolorbox): 'tcbskinsjigsaw.code.tex' version '4.14'
))
("D:\afchavez\AppData\Local\Programs\MiKTeX 2.9\tex\latex\tcolorbox\tcbbreakabl
e.code.tex"
Library (tcolorbox): 'tcbbreakable.code.tex' version '4.14'
\tcb@testbox=\box46
\tcb@totalupperbox=\box47
\tcb@totallowerbox=\box48
)
("D:\afchavez\AppData\Local\Programs\MiKTeX 2.9\tex\latex\tcolorbox\tcbhooks.co
de.tex"
Library (tcolorbox): 'tcbhooks.code.tex' version '4.14'
)
("D:\afchavez\AppData\Local\Programs\MiKTeX 2.9\tex\latex\tcolorbox\tcbtheorems
.code.tex"
Library (tcolorbox): 'tcbtheorems.code.tex' version '4.14'
("D:\afchavez\AppData\Local\Programs\MiKTeX 2.9\tex\latex\amsmath\amsmath.sty"
Package: amsmath 2017/09/02 v2.17a AMS math features
\@mathmargin=\skip43

For additional information on amsmath, use the `?' option.
("D:\afchavez\AppData\Local\Programs\MiKTeX 2.9\tex\latex\amsmath\amstext.sty"
Package: amstext 2000/06/29 v2.01 AMS text

("D:\afchavez\AppData\Local\Programs\MiKTeX 2.9\tex\latex\amsmath\amsgen.sty"
File: amsgen.sty 1999/11/30 v2.0 generic functions
\@emptytoks=\toks30
\ex@=\dimen151
)) ("D:\afchavez\AppData\Local\Programs\MiKTeX 2.9\tex\latex\amsmath\amsbsy.sty
"
Package: amsbsy 1999/11/29 v1.2d Bold Symbols
\pmbraise@=\dimen152
) ("D:\afchavez\AppData\Local\Programs\MiKTeX 2.9\tex\latex\amsmath\amsopn.sty"
Package: amsopn 2016/03/08 v2.02 operator names
)
\inf@bad=\count113
LaTeX Info: Redefining \frac on input line 213.
\uproot@=\count114
\leftroot@=\count115
LaTeX Info: Redefining \overline on input line 375.
\classnum@=\count116
\DOTSCASE@=\count117
LaTeX Info: Redefining \ldots on input line 472.
LaTeX Info: Redefining \dots on input line 475.
LaTeX Info: Redefining \cdots on input line 596.
\Mathstrutbox@=\box49
\strutbox@=\box50
\big@size=\dimen153
LaTeX Font Info:    Redeclaring font encoding OML on input line 712.
LaTeX Font Info:    Redeclaring font encoding OMS on input line 713.
\macc@depth=\count118
\c@MaxMatrixCols=\count119
\dotsspace@=\muskip10
\c@parentequation=\count120
\dspbrk@lvl=\count121
\tag@help=\toks31
\row@=\count122
\column@=\count123
\maxfields@=\count124
\andhelp@=\toks32
\eqnshift@=\dimen154
\alignsep@=\dimen155
\tagshift@=\dimen156
\tagwidth@=\dimen157
\totwidth@=\dimen158
\lineht@=\dimen159
\@envbody=\toks33
\multlinegap=\skip44
\multlinetaggap=\skip45
\mathdisplay@stack=\toks34
LaTeX Info: Redefining \[ on input line 2817.
LaTeX Info: Redefining \] on input line 2818.
))
("D:\afchavez\AppData\Local\Programs\MiKTeX 2.9\tex\latex\tcolorbox\tcbfitting.
code.tex"
Library (tcolorbox): 'tcbfitting.code.tex' version '4.14'
\tcbfitdim=\dimen160
\tcb@lowerfitdim=\dimen161
\tcb@upperfitdim=\dimen162
\tcb@cur@hbadness=\count125
)
("D:\afchavez\AppData\Local\Programs\MiKTeX 2.9\tex\latex\tcolorbox\tcbxparse.c
ode.tex"
Library (tcolorbox): 'tcbxparse.code.tex' version '4.14'

("D:\afchavez\AppData\Local\Programs\MiKTeX 2.9\tex\latex\l3packages\xparse\xpa
rse.sty"
("D:\afchavez\AppData\Local\Programs\MiKTeX 2.9\tex\latex\l3kernel\expl3.sty"
Package: expl3 2018-06-14 L3 programming layer (loader) 

("D:\afchavez\AppData\Local\Programs\MiKTeX 2.9\tex\latex\l3kernel\expl3-code.t
ex"
Package: expl3 2018-06-14 L3 programming layer (code)
\c_max_int=\count126
\l_tmpa_int=\count127
\l_tmpb_int=\count128
\g_tmpa_int=\count129
\g_tmpb_int=\count130
\g__kernel_prg_map_int=\count131
\c_log_iow=\count132
\l_iow_line_count_int=\count133
\l__iow_line_target_int=\count134
\l__iow_one_indent_int=\count135
\l__iow_indent_int=\count136
\c_zero_dim=\dimen163
\c_max_dim=\dimen164
\l_tmpa_dim=\dimen165
\l_tmpb_dim=\dimen166
\g_tmpa_dim=\dimen167
\g_tmpb_dim=\dimen168
\c_zero_skip=\skip46
\c_max_skip=\skip47
\l_tmpa_skip=\skip48
\l_tmpb_skip=\skip49
\g_tmpa_skip=\skip50
\g_tmpb_skip=\skip51
\c_zero_muskip=\muskip11
\c_max_muskip=\muskip12
\l_tmpa_muskip=\muskip13
\l_tmpb_muskip=\muskip14
\g_tmpa_muskip=\muskip15
\g_tmpb_muskip=\muskip16
\l_keys_choice_int=\count137
\l__intarray_loop_int=\count138
\c__intarray_sp_dim=\dimen169
\g__intarray_font_int=\count139
\c__fp_leading_shift_int=\count140
\c__fp_middle_shift_int=\count141
\c__fp_trailing_shift_int=\count142
\c__fp_big_leading_shift_int=\count143
\c__fp_big_middle_shift_int=\count144
\c__fp_big_trailing_shift_int=\count145
\c__fp_Bigg_leading_shift_int=\count146
\c__fp_Bigg_middle_shift_int=\count147
\c__fp_Bigg_trailing_shift_int=\count148
\c__kernel_randint_max_int=\count149
\g__fp_array_int=\count150
\l__fp_array_loop_int=\count151
\l__sort_length_int=\count152
\l__sort_min_int=\count153
\l__sort_top_int=\count154
\l__sort_max_int=\count155
\l__sort_true_max_int=\count156
\l__sort_block_int=\count157
\l__sort_begin_int=\count158
\l__sort_end_int=\count159
\l__sort_A_int=\count160
\l__sort_B_int=\count161
\l__sort_C_int=\count162
\l__tl_analysis_normal_int=\count163
\l__tl_analysis_index_int=\count164
\l__tl_analysis_nesting_int=\count165
\l__tl_analysis_type_int=\count166
\l__regex_internal_a_int=\count167
\l__regex_internal_b_int=\count168
\l__regex_internal_c_int=\count169
\l__regex_balance_int=\count170
\l__regex_group_level_int=\count171
\l__regex_mode_int=\count172
\c__regex_cs_in_class_mode_int=\count173
\c__regex_cs_mode_int=\count174
\l__regex_catcodes_int=\count175
\l__regex_default_catcodes_int=\count176
\c__regex_catcode_D_int=\count177
\c__regex_catcode_S_int=\count178
\c__regex_catcode_L_int=\count179
\c__regex_catcode_O_int=\count180
\c__regex_catcode_A_int=\count181
\c__regex_all_catcodes_int=\count182
\l__regex_show_lines_int=\count183
\l__regex_min_state_int=\count184
\l__regex_max_state_int=\count185
\l__regex_left_state_int=\count186
\l__regex_right_state_int=\count187
\l__regex_capturing_group_int=\count188
\l__regex_min_pos_int=\count189
\l__regex_max_pos_int=\count190
\l__regex_curr_pos_int=\count191
\l__regex_start_pos_int=\count192
\l__regex_success_pos_int=\count193
\l__regex_curr_char_int=\count194
\l__regex_curr_catcode_int=\count195
\l__regex_last_char_int=\count196
\l__regex_case_changed_char_int=\count197
\l__regex_curr_state_int=\count198
\l__regex_step_int=\count199
\l__regex_min_active_int=\count266
\l__regex_max_active_int=\count267
\l__regex_replacement_csnames_int=\count268
\l__regex_match_count_int=\count269
\l__regex_min_submatch_int=\count270
\l__regex_submatch_int=\count271
\l__regex_zeroth_submatch_int=\count272
\g__regex_trace_regex_int=\count273
\c_empty_box=\box51
\l_tmpa_box=\box52
\l_tmpb_box=\box53
\g_tmpa_box=\box54
\g_tmpb_box=\box55
\l__box_top_dim=\dimen170
\l__box_bottom_dim=\dimen171
\l__box_left_dim=\dimen172
\l__box_right_dim=\dimen173
\l__box_top_new_dim=\dimen174
\l__box_bottom_new_dim=\dimen175
\l__box_left_new_dim=\dimen176
\l__box_right_new_dim=\dimen177
\l__box_internal_box=\box56
\l__coffin_internal_box=\box57
\l__coffin_internal_dim=\dimen178
\l__coffin_offset_x_dim=\dimen179
\l__coffin_offset_y_dim=\dimen180
\l__coffin_x_dim=\dimen181
\l__coffin_y_dim=\dimen182
\l__coffin_x_prime_dim=\dimen183
\l__coffin_y_prime_dim=\dimen184
\c_empty_coffin=\box58
\l__coffin_aligned_coffin=\box59
\l__coffin_aligned_internal_coffin=\box60
\l_tmpa_coffin=\box61
\l_tmpb_coffin=\box62
\l__coffin_display_coffin=\box63
\l__coffin_display_coord_coffin=\box64
\l__coffin_display_pole_coffin=\box65
\l__coffin_display_offset_dim=\dimen185
\l__coffin_display_x_dim=\dimen186
\l__coffin_display_y_dim=\dimen187
\g__file_internal_ior=\read3
\l__coffin_bounding_shift_dim=\dimen188
\l__coffin_left_corner_dim=\dimen189
\l__coffin_right_corner_dim=\dimen190
\l__coffin_bottom_corner_dim=\dimen191
\l__coffin_top_corner_dim=\dimen192
\l__coffin_scaled_total_height_dim=\dimen193
\l__coffin_scaled_width_dim=\dimen194
\l__seq_internal_a_int=\count274
\l__seq_internal_b_int=\count275
)
("D:\afchavez\AppData\Local\Programs\MiKTeX 2.9\tex\latex\l3kernel\l3pdfmode.de
f"
File: l3pdfmode.def 2018-06-14 v L3 Experimental driver: PDF mode
\l__driver_color_stack_int=\count276
))
Package: xparse 2018-05-12 L3 Experimental document command parser
\l__xparse_current_arg_int=\count277
\g__xparse_grabber_int=\count278
\l__xparse_m_args_int=\count279
\l__xparse_mandatory_args_int=\count280
\l__xparse_v_nesting_int=\count281
)
.................................................
. LaTeX info: "xparse/define-command"
. 
. Defining command \tcboxverb with sig. ' O{} v ' on line 128.
.................................................
.................................................
. LaTeX info: "xparse/define-command"
. 
. Defining command \tcbsidebyside with sig. ' +O{} +m +m ' on line 280.
.................................................
)
("D:\afchavez\AppData\Local\Programs\MiKTeX 2.9\tex\latex\tcolorbox\tcblistings
utf8.code.tex"
Library (tcolorbox): 'tcblistingsutf8.code.tex' version '4.14'

("D:\afchavez\AppData\Local\Programs\MiKTeX 2.9\tex\latex\oberdiek\listingsutf8
.sty"
Package: listingsutf8 2016/05/16 v1.3 Allow UTF-8 in listings input (HO)

("D:\afchavez\AppData\Local\Programs\MiKTeX 2.9\tex\latex\listings\listings.sty
"
\lst@mode=\count282
\lst@gtempboxa=\box66
\lst@token=\toks35
\lst@length=\count283
\lst@currlwidth=\dimen195
\lst@column=\count284
\lst@pos=\count285
\lst@lostspace=\dimen196
\lst@width=\dimen197
\lst@newlines=\count286
\lst@lineno=\count287
\lst@maxwidth=\dimen198
 ("D:\afchavez\AppData\Local\Programs\MiKTeX 2.9\tex\latex\listings\lstmisc.sty
"
File: lstmisc.sty 2018/09/02 1.7 (Carsten Heinz)
\c@lstnumber=\count288
\lst@skipnumbers=\count289
\lst@framebox=\box67
)
("D:\afchavez\AppData\Local\Programs\MiKTeX 2.9\tex\latex\listings\listings.cfg
"
File: listings.cfg 2018/09/02 1.7 listings configuration
))
Package: listings 2018/09/02 1.7 (Carsten Heinz)

("D:\afchavez\AppData\Local\Programs\MiKTeX 2.9\tex\generic\oberdiek\pdftexcmds
.sty"
Package: pdftexcmds 2018/01/21 v0.26 Utility functions of pdfTeX for LuaTeX (HO
)

("D:\afchavez\AppData\Local\Programs\MiKTeX 2.9\tex\generic\oberdiek\infwarerr.
sty"
Package: infwarerr 2016/05/16 v1.4 Providing info/warning/error messages (HO)
)
("D:\afchavez\AppData\Local\Programs\MiKTeX 2.9\tex\generic\oberdiek\ifluatex.s
ty"
Package: ifluatex 2016/05/16 v1.4 Provides the ifluatex switch (HO)
Package ifluatex Info: LuaTeX not detected.
)
("D:\afchavez\AppData\Local\Programs\MiKTeX 2.9\tex\generic\oberdiek\ltxcmds.st
y"
Package: ltxcmds 2016/05/16 v1.23 LaTeX kernel commands for general use (HO)
)
("D:\afchavez\AppData\Local\Programs\MiKTeX 2.9\tex\generic\oberdiek\ifpdf.sty"
Package: ifpdf 2017/03/15 v3.2 Provides the ifpdf switch
)
Package pdftexcmds Info: LuaTeX not detected.
Package pdftexcmds Info: \pdf@primitive is available.
Package pdftexcmds Info: \pdf@ifprimitive is available.
Package pdftexcmds Info: \pdfdraftmode found.
)
("D:\afchavez\AppData\Local\Programs\MiKTeX 2.9\tex\generic\oberdiek\stringenc.
sty"
Package: stringenc 2016/05/16 v1.11 Convert strings between diff. encodings (HO
)

("D:\afchavez\AppData\Local\Programs\MiKTeX 2.9\tex\generic\oberdiek\pdfescape.
sty"
Package: pdfescape 2016/05/16 v1.14 Implements pdfTeX's escape features (HO)
)))
("D:\afchavez\AppData\Local\Programs\MiKTeX 2.9\tex\latex\tcolorbox\tcblistings
.code.tex"
Library (tcolorbox): 'tcblistings.code.tex' version '4.14'

("D:\afchavez\AppData\Local\Programs\MiKTeX 2.9\tex\latex\tcolorbox\tcblistings
core.code.tex"
Library (tcolorbox): 'tcblistingscore.code.tex' version '4.14'

("D:\afchavez\AppData\Local\Programs\MiKTeX 2.9\tex\latex\tcolorbox\tcbprocessi
ng.code.tex"
Library (tcolorbox): 'tcbprocessing.code.tex' version '4.14'
("D:\afchavez\AppData\Local\Programs\MiKTeX 2.9\tex\latex\tools\shellesc.sty"
Package: shellesc 2016/06/07 v0.02a unified shell escape interface for LaTeX
Package shellesc Info: Restricted shell escape enabled on input line 69.
))
\c@tcblisting=\count290
)))
("D:\afchavez\AppData\Local\Programs\MiKTeX 2.9\tex\latex\tcolorbox\tcbexternal
.code.tex"
Library (tcolorbox): 'tcbexternal.code.tex' version '4.14'
)
("D:\afchavez\AppData\Local\Programs\MiKTeX 2.9\tex\latex\tcolorbox\tcbmagazine
.code.tex"
Library (tcolorbox): 'tcbmagazine.code.tex' version '4.14'
)
("D:\afchavez\AppData\Local\Programs\MiKTeX 2.9\tex\latex\tcolorbox\tcbvignette
.code.tex"
Library (tcolorbox): 'tcbvignette.code.tex' version '4.14'

("D:\afchavez\AppData\Local\Programs\MiKTeX 2.9\tex\generic\pgf\frontendlayer\t
ikz\libraries\tikzlibraryfadings.code.tex"
File: tikzlibraryfadings.code.tex 2009/11/15 v3.0.1a (rcs-revision 1.2)

("D:\afchavez\AppData\Local\Programs\MiKTeX 2.9\tex\generic\pgf\libraries\pgfli
braryfadings.code.tex"
File: pgflibraryfadings.code.tex 2008/02/07 v3.0.1a (rcs-revision 1.3)
)))
("D:\afchavez\AppData\Local\Programs\MiKTeX 2.9\tex\latex\tcolorbox\tcbposter.c
ode.tex"
Library (tcolorbox): 'tcbposter.code.tex' version '4.14'
))
("D:\afchavez\AppData\Local\Programs\MiKTeX 2.9\tex\latex\booktabs\booktabs.sty
"
Package: booktabs 2005/04/14 v1.61803 publication quality tables
\heavyrulewidth=\dimen199
\lightrulewidth=\dimen256
\cmidrulewidth=\dimen257
\belowrulesep=\dimen258
\belowbottomsep=\dimen259
\aboverulesep=\dimen260
\abovetopsep=\dimen261
\cmidrulesep=\dimen262
\cmidrulekern=\dimen263
\defaultaddspace=\dimen264
\@cmidla=\count291
\@cmidlb=\count292
\@aboverulesep=\dimen265
\@belowrulesep=\dimen266
\@thisruleclass=\count293
\@lastruleclass=\count294
\@thisrulewidth=\dimen267
)
("D:\afchavez\AppData\Local\Programs\MiKTeX 2.9\tex\latex\geometry\geometry.sty
"
Package: geometry 2010/09/12 v5.6 Page Geometry

("D:\afchavez\AppData\Local\Programs\MiKTeX 2.9\tex\generic\oberdiek\ifvtex.sty
"
Package: ifvtex 2016/05/16 v1.6 Detect VTeX and its facilities (HO)
Package ifvtex Info: VTeX not detected.
)
("D:\afchavez\AppData\Local\Programs\MiKTeX 2.9\tex\generic\ifxetex\ifxetex.sty
"
Package: ifxetex 2010/09/12 v0.6 Provides ifxetex conditional
)
\Gm@cnth=\count295
\Gm@cntv=\count296
\c@Gm@tempcnt=\count297
\Gm@bindingoffset=\dimen268
\Gm@wd@mp=\dimen269
\Gm@odd@mp=\dimen270
\Gm@even@mp=\dimen271
\Gm@layoutwidth=\dimen272
\Gm@layoutheight=\dimen273
\Gm@layouthoffset=\dimen274
\Gm@layoutvoffset=\dimen275
\Gm@dimlist=\toks36

("D:\afchavez\AppData\Local\Programs\MiKTeX 2.9\tex\latex\geometry\geometry.cfg
")) ("D:\afchavez\AppData\Local\Programs\MiKTeX 2.9\tex\latex\base\inputenc.sty
"
Package: inputenc 2015/03/17 v1.2c Input encoding file
\inpenc@prehook=\toks37
\inpenc@posthook=\toks38
 ("D:\afchavez\AppData\Local\Programs\MiKTeX 2.9\tex\latex\base\utf8.def"
File: utf8.def 2017/01/28 v1.1t UTF-8 support for inputenc
Now handling font encoding OML ...
... no UTF-8 mapping file for font encoding OML
Now handling font encoding T1 ...
... processing UTF-8 mapping file for font encoding T1

("D:\afchavez\AppData\Local\Programs\MiKTeX 2.9\tex\latex\base\t1enc.dfu"
File: t1enc.dfu 2017/01/28 v1.1t UTF-8 support for inputenc
   defining Unicode char U+00A0 (decimal 160)
   defining Unicode char U+00A1 (decimal 161)
   defining Unicode char U+00A3 (decimal 163)
   defining Unicode char U+00AB (decimal 171)
   defining Unicode char U+00AD (decimal 173)
   defining Unicode char U+00BB (decimal 187)
   defining Unicode char U+00BF (decimal 191)
   defining Unicode char U+00C0 (decimal 192)
   defining Unicode char U+00C1 (decimal 193)
   defining Unicode char U+00C2 (decimal 194)
   defining Unicode char U+00C3 (decimal 195)
   defining Unicode char U+00C4 (decimal 196)
   defining Unicode char U+00C5 (decimal 197)
   defining Unicode char U+00C6 (decimal 198)
   defining Unicode char U+00C7 (decimal 199)
   defining Unicode char U+00C8 (decimal 200)
   defining Unicode char U+00C9 (decimal 201)
   defining Unicode char U+00CA (decimal 202)
   defining Unicode char U+00CB (decimal 203)
   defining Unicode char U+00CC (decimal 204)
   defining Unicode char U+00CD (decimal 205)
   defining Unicode char U+00CE (decimal 206)
   defining Unicode char U+00CF (decimal 207)
   defining Unicode char U+00D0 (decimal 208)
   defining Unicode char U+00D1 (decimal 209)
   defining Unicode char U+00D2 (decimal 210)
   defining Unicode char U+00D3 (decimal 211)
   defining Unicode char U+00D4 (decimal 212)
   defining Unicode char U+00D5 (decimal 213)
   defining Unicode char U+00D6 (decimal 214)
   defining Unicode char U+00D8 (decimal 216)
   defining Unicode char U+00D9 (decimal 217)
   defining Unicode char U+00DA (decimal 218)
   defining Unicode char U+00DB (decimal 219)
   defining Unicode char U+00DC (decimal 220)
   defining Unicode char U+00DD (decimal 221)
   defining Unicode char U+00DE (decimal 222)
   defining Unicode char U+00DF (decimal 223)
   defining Unicode char U+00E0 (decimal 224)
   defining Unicode char U+00E1 (decimal 225)
   defining Unicode char U+00E2 (decimal 226)
   defining Unicode char U+00E3 (decimal 227)
   defining Unicode char U+00E4 (decimal 228)
   defining Unicode char U+00E5 (decimal 229)
   defining Unicode char U+00E6 (decimal 230)
   defining Unicode char U+00E7 (decimal 231)
   defining Unicode char U+00E8 (decimal 232)
   defining Unicode char U+00E9 (decimal 233)
   defining Unicode char U+00EA (decimal 234)
   defining Unicode char U+00EB (decimal 235)
   defining Unicode char U+00EC (decimal 236)
   defining Unicode char U+00ED (decimal 237)
   defining Unicode char U+00EE (decimal 238)
   defining Unicode char U+00EF (decimal 239)
   defining Unicode char U+00F0 (decimal 240)
   defining Unicode char U+00F1 (decimal 241)
   defining Unicode char U+00F2 (decimal 242)
   defining Unicode char U+00F3 (decimal 243)
   defining Unicode char U+00F4 (decimal 244)
   defining Unicode char U+00F5 (decimal 245)
   defining Unicode char U+00F6 (decimal 246)
   defining Unicode char U+00F8 (decimal 248)
   defining Unicode char U+00F9 (decimal 249)
   defining Unicode char U+00FA (decimal 250)
   defining Unicode char U+00FB (decimal 251)
   defining Unicode char U+00FC (decimal 252)
   defining Unicode char U+00FD (decimal 253)
   defining Unicode char U+00FE (decimal 254)
   defining Unicode char U+00FF (decimal 255)
   defining Unicode char U+0100 (decimal 256)
   defining Unicode char U+0101 (decimal 257)
   defining Unicode char U+0102 (decimal 258)
   defining Unicode char U+0103 (decimal 259)
   defining Unicode char U+0104 (decimal 260)
   defining Unicode char U+0105 (decimal 261)
   defining Unicode char U+0106 (decimal 262)
   defining Unicode char U+0107 (decimal 263)
   defining Unicode char U+0108 (decimal 264)
   defining Unicode char U+0109 (decimal 265)
   defining Unicode char U+010A (decimal 266)
   defining Unicode char U+010B (decimal 267)
   defining Unicode char U+010C (decimal 268)
   defining Unicode char U+010D (decimal 269)
   defining Unicode char U+010E (decimal 270)
   defining Unicode char U+010F (decimal 271)
   defining Unicode char U+0110 (decimal 272)
   defining Unicode char U+0111 (decimal 273)
   defining Unicode char U+0112 (decimal 274)
   defining Unicode char U+0113 (decimal 275)
   defining Unicode char U+0114 (decimal 276)
   defining Unicode char U+0115 (decimal 277)
   defining Unicode char U+0116 (decimal 278)
   defining Unicode char U+0117 (decimal 279)
   defining Unicode char U+0118 (decimal 280)
   defining Unicode char U+0119 (decimal 281)
   defining Unicode char U+011A (decimal 282)
   defining Unicode char U+011B (decimal 283)
   defining Unicode char U+011C (decimal 284)
   defining Unicode char U+011D (decimal 285)
   defining Unicode char U+011E (decimal 286)
   defining Unicode char U+011F (decimal 287)
   defining Unicode char U+0120 (decimal 288)
   defining Unicode char U+0121 (decimal 289)
   defining Unicode char U+0122 (decimal 290)
   defining Unicode char U+0123 (decimal 291)
   defining Unicode char U+0124 (decimal 292)
   defining Unicode char U+0125 (decimal 293)
   defining Unicode char U+0128 (decimal 296)
   defining Unicode char U+0129 (decimal 297)
   defining Unicode char U+012A (decimal 298)
   defining Unicode char U+012B (decimal 299)
   defining Unicode char U+012C (decimal 300)
   defining Unicode char U+012D (decimal 301)
   defining Unicode char U+012E (decimal 302)
   defining Unicode char U+012F (decimal 303)
   defining Unicode char U+0130 (decimal 304)
   defining Unicode char U+0131 (decimal 305)
   defining Unicode char U+0132 (decimal 306)
   defining Unicode char U+0133 (decimal 307)
   defining Unicode char U+0134 (decimal 308)
   defining Unicode char U+0135 (decimal 309)
   defining Unicode char U+0136 (decimal 310)
   defining Unicode char U+0137 (decimal 311)
   defining Unicode char U+0139 (decimal 313)
   defining Unicode char U+013A (decimal 314)
   defining Unicode char U+013B (decimal 315)
   defining Unicode char U+013C (decimal 316)
   defining Unicode char U+013D (decimal 317)
   defining Unicode char U+013E (decimal 318)
   defining Unicode char U+0141 (decimal 321)
   defining Unicode char U+0142 (decimal 322)
   defining Unicode char U+0143 (decimal 323)
   defining Unicode char U+0144 (decimal 324)
   defining Unicode char U+0145 (decimal 325)
   defining Unicode char U+0146 (decimal 326)
   defining Unicode char U+0147 (decimal 327)
   defining Unicode char U+0148 (decimal 328)
   defining Unicode char U+014A (decimal 330)
   defining Unicode char U+014B (decimal 331)
   defining Unicode char U+014C (decimal 332)
   defining Unicode char U+014D (decimal 333)
   defining Unicode char U+014E (decimal 334)
   defining Unicode char U+014F (decimal 335)
   defining Unicode char U+0150 (decimal 336)
   defining Unicode char U+0151 (decimal 337)
   defining Unicode char U+0152 (decimal 338)
   defining Unicode char U+0153 (decimal 339)
   defining Unicode char U+0154 (decimal 340)
   defining Unicode char U+0155 (decimal 341)
   defining Unicode char U+0156 (decimal 342)
   defining Unicode char U+0157 (decimal 343)
   defining Unicode char U+0158 (decimal 344)
   defining Unicode char U+0159 (decimal 345)
   defining Unicode char U+015A (decimal 346)
   defining Unicode char U+015B (decimal 347)
   defining Unicode char U+015C (decimal 348)
   defining Unicode char U+015D (decimal 349)
   defining Unicode char U+015E (decimal 350)
   defining Unicode char U+015F (decimal 351)
   defining Unicode char U+0160 (decimal 352)
   defining Unicode char U+0161 (decimal 353)
   defining Unicode char U+0162 (decimal 354)
   defining Unicode char U+0163 (decimal 355)
   defining Unicode char U+0164 (decimal 356)
   defining Unicode char U+0165 (decimal 357)
   defining Unicode char U+0168 (decimal 360)
   defining Unicode char U+0169 (decimal 361)
   defining Unicode char U+016A (decimal 362)
   defining Unicode char U+016B (decimal 363)
   defining Unicode char U+016C (decimal 364)
   defining Unicode char U+016D (decimal 365)
   defining Unicode char U+016E (decimal 366)
   defining Unicode char U+016F (decimal 367)
   defining Unicode char U+0170 (decimal 368)
   defining Unicode char U+0171 (decimal 369)
   defining Unicode char U+0172 (decimal 370)
   defining Unicode char U+0173 (decimal 371)
   defining Unicode char U+0174 (decimal 372)
   defining Unicode char U+0175 (decimal 373)
   defining Unicode char U+0176 (decimal 374)
   defining Unicode char U+0177 (decimal 375)
   defining Unicode char U+0178 (decimal 376)
   defining Unicode char U+0179 (decimal 377)
   defining Unicode char U+017A (decimal 378)
   defining Unicode char U+017B (decimal 379)
   defining Unicode char U+017C (decimal 380)
   defining Unicode char U+017D (decimal 381)
   defining Unicode char U+017E (decimal 382)
   defining Unicode char U+01CD (decimal 461)
   defining Unicode char U+01CE (decimal 462)
   defining Unicode char U+01CF (decimal 463)
   defining Unicode char U+01D0 (decimal 464)
   defining Unicode char U+01D1 (decimal 465)
   defining Unicode char U+01D2 (decimal 466)
   defining Unicode char U+01D3 (decimal 467)
   defining Unicode char U+01D4 (decimal 468)
   defining Unicode char U+01E2 (decimal 482)
   defining Unicode char U+01E3 (decimal 483)
   defining Unicode char U+01E6 (decimal 486)
   defining Unicode char U+01E7 (decimal 487)
   defining Unicode char U+01E8 (decimal 488)
   defining Unicode char U+01E9 (decimal 489)
   defining Unicode char U+01EA (decimal 490)
   defining Unicode char U+01EB (decimal 491)
   defining Unicode char U+01F0 (decimal 496)
   defining Unicode char U+01F4 (decimal 500)
   defining Unicode char U+01F5 (decimal 501)
   defining Unicode char U+0218 (decimal 536)
   defining Unicode char U+0219 (decimal 537)
   defining Unicode char U+021A (decimal 538)
   defining Unicode char U+021B (decimal 539)
   defining Unicode char U+0232 (decimal 562)
   defining Unicode char U+0233 (decimal 563)
   defining Unicode char U+1E02 (decimal 7682)
   defining Unicode char U+1E03 (decimal 7683)
   defining Unicode char U+200C (decimal 8204)
   defining Unicode char U+2010 (decimal 8208)
   defining Unicode char U+2011 (decimal 8209)
   defining Unicode char U+2012 (decimal 8210)
   defining Unicode char U+2013 (decimal 8211)
   defining Unicode char U+2014 (decimal 8212)
   defining Unicode char U+2015 (decimal 8213)
   defining Unicode char U+2018 (decimal 8216)
   defining Unicode char U+2019 (decimal 8217)
   defining Unicode char U+201A (decimal 8218)
   defining Unicode char U+201C (decimal 8220)
   defining Unicode char U+201D (decimal 8221)
   defining Unicode char U+201E (decimal 8222)
   defining Unicode char U+2030 (decimal 8240)
   defining Unicode char U+2031 (decimal 8241)
   defining Unicode char U+2039 (decimal 8249)
   defining Unicode char U+203A (decimal 8250)
   defining Unicode char U+2423 (decimal 9251)
   defining Unicode char U+1E20 (decimal 7712)
   defining Unicode char U+1E21 (decimal 7713)
)
Now handling font encoding OT1 ...
... processing UTF-8 mapping file for font encoding OT1

("D:\afchavez\AppData\Local\Programs\MiKTeX 2.9\tex\latex\base\ot1enc.dfu"
File: ot1enc.dfu 2017/01/28 v1.1t UTF-8 support for inputenc
   defining Unicode char U+00A0 (decimal 160)
   defining Unicode char U+00A1 (decimal 161)
   defining Unicode char U+00A3 (decimal 163)
   defining Unicode char U+00AD (decimal 173)
   defining Unicode char U+00B8 (decimal 184)
   defining Unicode char U+00BF (decimal 191)
   defining Unicode char U+00C5 (decimal 197)
   defining Unicode char U+00C6 (decimal 198)
   defining Unicode char U+00D8 (decimal 216)
   defining Unicode char U+00DF (decimal 223)
   defining Unicode char U+00E6 (decimal 230)
   defining Unicode char U+00EC (decimal 236)
   defining Unicode char U+00ED (decimal 237)
   defining Unicode char U+00EE (decimal 238)
   defining Unicode char U+00EF (decimal 239)
   defining Unicode char U+00F8 (decimal 248)
   defining Unicode char U+0131 (decimal 305)
   defining Unicode char U+0141 (decimal 321)
   defining Unicode char U+0142 (decimal 322)
   defining Unicode char U+0152 (decimal 338)
   defining Unicode char U+0153 (decimal 339)
   defining Unicode char U+0174 (decimal 372)
   defining Unicode char U+0175 (decimal 373)
   defining Unicode char U+0176 (decimal 374)
   defining Unicode char U+0177 (decimal 375)
   defining Unicode char U+0218 (decimal 536)
   defining Unicode char U+0219 (decimal 537)
   defining Unicode char U+021A (decimal 538)
   defining Unicode char U+021B (decimal 539)
   defining Unicode char U+2013 (decimal 8211)
   defining Unicode char U+2014 (decimal 8212)
   defining Unicode char U+2018 (decimal 8216)
   defining Unicode char U+2019 (decimal 8217)
   defining Unicode char U+201C (decimal 8220)
   defining Unicode char U+201D (decimal 8221)
)
Now handling font encoding OMS ...
... processing UTF-8 mapping file for font encoding OMS

("D:\afchavez\AppData\Local\Programs\MiKTeX 2.9\tex\latex\base\omsenc.dfu"
File: omsenc.dfu 2017/01/28 v1.1t UTF-8 support for inputenc
   defining Unicode char U+00A7 (decimal 167)
   defining Unicode char U+00B6 (decimal 182)
   defining Unicode char U+00B7 (decimal 183)
   defining Unicode char U+2020 (decimal 8224)
   defining Unicode char U+2021 (decimal 8225)
   defining Unicode char U+2022 (decimal 8226)
)
Now handling font encoding OMX ...
... no UTF-8 mapping file for font encoding OMX
Now handling font encoding U ...
... no UTF-8 mapping file for font encoding U
   defining Unicode char U+00A9 (decimal 169)
   defining Unicode char U+00AA (decimal 170)
   defining Unicode char U+00AE (decimal 174)
   defining Unicode char U+00BA (decimal 186)
   defining Unicode char U+02C6 (decimal 710)
   defining Unicode char U+02DC (decimal 732)
   defining Unicode char U+200C (decimal 8204)
   defining Unicode char U+2026 (decimal 8230)
   defining Unicode char U+2122 (decimal 8482)
   defining Unicode char U+2423 (decimal 9251)
))
("D:\afchavez\AppData\Local\Programs\MiKTeX 2.9\tex\latex\base\fontenc.sty"
Package: fontenc 2017/04/05 v2.0i Standard LaTeX package

("D:\afchavez\AppData\Local\Programs\MiKTeX 2.9\tex\latex\base\t1enc.def"
File: t1enc.def 2017/04/05 v2.0i Standard LaTeX file
LaTeX Font Info:    Redeclaring font encoding T1 on input line 48.
))
("D:\afchavez\AppData\Local\Programs\MiKTeX 2.9\tex\latex\roboto\roboto.sty"
Package: roboto 2017/04/10 (Bob Tennent) Supports Roboto fonts for all LaTeX en
gines.

("D:\afchavez\AppData\Local\Programs\MiKTeX 2.9\tex\latex\xkeyval\xkeyval.sty"
Package: xkeyval 2014/12/03 v2.7a package option processing (HA)

("D:\afchavez\AppData\Local\Programs\MiKTeX 2.9\tex\generic\xkeyval\xkeyval.tex
"
("D:\afchavez\AppData\Local\Programs\MiKTeX 2.9\tex\generic\xkeyval\xkvutils.te
x"
\XKV@toks=\toks39
\XKV@tempa@toks=\toks40
)
\XKV@depth=\count298
File: xkeyval.tex 2014/12/03 v2.7a key=value parser (HA)
))
("D:\afchavez\AppData\Local\Programs\MiKTeX 2.9\tex\latex\base\textcomp.sty"
Package: textcomp 2017/04/05 v2.0i Standard LaTeX package
Package textcomp Info: Sub-encoding information:
(textcomp)               5 = only ISO-Adobe without \textcurrency
(textcomp)               4 = 5 + \texteuro
(textcomp)               3 = 4 + \textohm
(textcomp)               2 = 3 + \textestimated + \textcurrency
(textcomp)               1 = TS1 - \textcircled - \t
(textcomp)               0 = TS1 (full)
(textcomp)             Font families with sub-encoding setting implement
(textcomp)             only a restricted character set as indicated.
(textcomp)             Family '?' is the default used for unknown fonts.
(textcomp)             See the documentation for details.
Package textcomp Info: Setting ? sub-encoding to TS1/1 on input line 79.

("D:\afchavez\AppData\Local\Programs\MiKTeX 2.9\tex\latex\base\ts1enc.def"
File: ts1enc.def 2001/06/05 v3.0e (jk/car/fm) Standard LaTeX file
Now handling font encoding TS1 ...
... processing UTF-8 mapping file for font encoding TS1

("D:\afchavez\AppData\Local\Programs\MiKTeX 2.9\tex\latex\base\ts1enc.dfu"
File: ts1enc.dfu 2017/01/28 v1.1t UTF-8 support for inputenc
   defining Unicode char U+00A2 (decimal 162)
   defining Unicode char U+00A3 (decimal 163)
   defining Unicode char U+00A4 (decimal 164)
   defining Unicode char U+00A5 (decimal 165)
   defining Unicode char U+00A6 (decimal 166)
   defining Unicode char U+00A7 (decimal 167)
   defining Unicode char U+00A8 (decimal 168)
   defining Unicode char U+00A9 (decimal 169)
   defining Unicode char U+00AA (decimal 170)
   defining Unicode char U+00AC (decimal 172)
   defining Unicode char U+00AE (decimal 174)
   defining Unicode char U+00AF (decimal 175)
   defining Unicode char U+00B0 (decimal 176)
   defining Unicode char U+00B1 (decimal 177)
   defining Unicode char U+00B2 (decimal 178)
   defining Unicode char U+00B3 (decimal 179)
   defining Unicode char U+00B4 (decimal 180)
   defining Unicode char U+00B5 (decimal 181)
   defining Unicode char U+00B6 (decimal 182)
   defining Unicode char U+00B7 (decimal 183)
   defining Unicode char U+00B9 (decimal 185)
   defining Unicode char U+00BA (decimal 186)
   defining Unicode char U+00BC (decimal 188)
   defining Unicode char U+00BD (decimal 189)
   defining Unicode char U+00BE (decimal 190)
   defining Unicode char U+00D7 (decimal 215)
   defining Unicode char U+00F7 (decimal 247)
   defining Unicode char U+0192 (decimal 402)
   defining Unicode char U+02C7 (decimal 711)
   defining Unicode char U+02D8 (decimal 728)
   defining Unicode char U+02DD (decimal 733)
   defining Unicode char U+0E3F (decimal 3647)
   defining Unicode char U+2016 (decimal 8214)
   defining Unicode char U+2020 (decimal 8224)
   defining Unicode char U+2021 (decimal 8225)
   defining Unicode char U+2022 (decimal 8226)
   defining Unicode char U+2030 (decimal 8240)
   defining Unicode char U+2031 (decimal 8241)
   defining Unicode char U+203B (decimal 8251)
   defining Unicode char U+203D (decimal 8253)
   defining Unicode char U+2044 (decimal 8260)
   defining Unicode char U+204E (decimal 8270)
   defining Unicode char U+2052 (decimal 8274)
   defining Unicode char U+20A1 (decimal 8353)
   defining Unicode char U+20A4 (decimal 8356)
   defining Unicode char U+20A6 (decimal 8358)
   defining Unicode char U+20A9 (decimal 8361)
   defining Unicode char U+20AB (decimal 8363)
   defining Unicode char U+20AC (decimal 8364)
   defining Unicode char U+20B1 (decimal 8369)
   defining Unicode char U+2103 (decimal 8451)
   defining Unicode char U+2116 (decimal 8470)
   defining Unicode char U+2117 (decimal 8471)
   defining Unicode char U+211E (decimal 8478)
   defining Unicode char U+2120 (decimal 8480)
   defining Unicode char U+2122 (decimal 8482)
   defining Unicode char U+2126 (decimal 8486)
   defining Unicode char U+2127 (decimal 8487)
   defining Unicode char U+212E (decimal 8494)
   defining Unicode char U+2190 (decimal 8592)
   defining Unicode char U+2191 (decimal 8593)
   defining Unicode char U+2192 (decimal 8594)
   defining Unicode char U+2193 (decimal 8595)
   defining Unicode char U+2329 (decimal 9001)
   defining Unicode char U+232A (decimal 9002)
   defining Unicode char U+2422 (decimal 9250)
   defining Unicode char U+25E6 (decimal 9702)
   defining Unicode char U+25EF (decimal 9711)
   defining Unicode char U+266A (decimal 9834)
))
LaTeX Info: Redefining \oldstylenums on input line 334.
Package textcomp Info: Setting cmr sub-encoding to TS1/0 on input line 349.
Package textcomp Info: Setting cmss sub-encoding to TS1/0 on input line 350.
Package textcomp Info: Setting cmtt sub-encoding to TS1/0 on input line 351.
Package textcomp Info: Setting cmvtt sub-encoding to TS1/0 on input line 352.
Package textcomp Info: Setting cmbr sub-encoding to TS1/0 on input line 353.
Package textcomp Info: Setting cmtl sub-encoding to TS1/0 on input line 354.
Package textcomp Info: Setting ccr sub-encoding to TS1/0 on input line 355.
Package textcomp Info: Setting ptm sub-encoding to TS1/4 on input line 356.
Package textcomp Info: Setting pcr sub-encoding to TS1/4 on input line 357.
Package textcomp Info: Setting phv sub-encoding to TS1/4 on input line 358.
Package textcomp Info: Setting ppl sub-encoding to TS1/3 on input line 359.
Package textcomp Info: Setting pag sub-encoding to TS1/4 on input line 360.
Package textcomp Info: Setting pbk sub-encoding to TS1/4 on input line 361.
Package textcomp Info: Setting pnc sub-encoding to TS1/4 on input line 362.
Package textcomp Info: Setting pzc sub-encoding to TS1/4 on input line 363.
Package textcomp Info: Setting bch sub-encoding to TS1/4 on input line 364.
Package textcomp Info: Setting put sub-encoding to TS1/5 on input line 365.
Package textcomp Info: Setting uag sub-encoding to TS1/5 on input line 366.
Package textcomp Info: Setting ugq sub-encoding to TS1/5 on input line 367.
Package textcomp Info: Setting ul8 sub-encoding to TS1/4 on input line 368.
Package textcomp Info: Setting ul9 sub-encoding to TS1/4 on input line 369.
Package textcomp Info: Setting augie sub-encoding to TS1/5 on input line 370.
Package textcomp Info: Setting dayrom sub-encoding to TS1/3 on input line 371.
Package textcomp Info: Setting dayroms sub-encoding to TS1/3 on input line 372.

Package textcomp Info: Setting pxr sub-encoding to TS1/0 on input line 373.
Package textcomp Info: Setting pxss sub-encoding to TS1/0 on input line 374.
Package textcomp Info: Setting pxtt sub-encoding to TS1/0 on input line 375.
Package textcomp Info: Setting txr sub-encoding to TS1/0 on input line 376.
Package textcomp Info: Setting txss sub-encoding to TS1/0 on input line 377.
Package textcomp Info: Setting txtt sub-encoding to TS1/0 on input line 378.
Package textcomp Info: Setting lmr sub-encoding to TS1/0 on input line 379.
Package textcomp Info: Setting lmdh sub-encoding to TS1/0 on input line 380.
Package textcomp Info: Setting lmss sub-encoding to TS1/0 on input line 381.
Package textcomp Info: Setting lmssq sub-encoding to TS1/0 on input line 382.
Package textcomp Info: Setting lmvtt sub-encoding to TS1/0 on input line 383.
Package textcomp Info: Setting lmtt sub-encoding to TS1/0 on input line 384.
Package textcomp Info: Setting qhv sub-encoding to TS1/0 on input line 385.
Package textcomp Info: Setting qag sub-encoding to TS1/0 on input line 386.
Package textcomp Info: Setting qbk sub-encoding to TS1/0 on input line 387.
Package textcomp Info: Setting qcr sub-encoding to TS1/0 on input line 388.
Package textcomp Info: Setting qcs sub-encoding to TS1/0 on input line 389.
Package textcomp Info: Setting qpl sub-encoding to TS1/0 on input line 390.
Package textcomp Info: Setting qtm sub-encoding to TS1/0 on input line 391.
Package textcomp Info: Setting qzc sub-encoding to TS1/0 on input line 392.
Package textcomp Info: Setting qhvc sub-encoding to TS1/0 on input line 393.
Package textcomp Info: Setting futs sub-encoding to TS1/4 on input line 394.
Package textcomp Info: Setting futx sub-encoding to TS1/4 on input line 395.
Package textcomp Info: Setting futj sub-encoding to TS1/4 on input line 396.
Package textcomp Info: Setting hlh sub-encoding to TS1/3 on input line 397.
Package textcomp Info: Setting hls sub-encoding to TS1/3 on input line 398.
Package textcomp Info: Setting hlst sub-encoding to TS1/3 on input line 399.
Package textcomp Info: Setting hlct sub-encoding to TS1/5 on input line 400.
Package textcomp Info: Setting hlx sub-encoding to TS1/5 on input line 401.
Package textcomp Info: Setting hlce sub-encoding to TS1/5 on input line 402.
Package textcomp Info: Setting hlcn sub-encoding to TS1/5 on input line 403.
Package textcomp Info: Setting hlcw sub-encoding to TS1/5 on input line 404.
Package textcomp Info: Setting hlcf sub-encoding to TS1/5 on input line 405.
Package textcomp Info: Setting pplx sub-encoding to TS1/3 on input line 406.
Package textcomp Info: Setting pplj sub-encoding to TS1/3 on input line 407.
Package textcomp Info: Setting ptmx sub-encoding to TS1/4 on input line 408.
Package textcomp Info: Setting ptmj sub-encoding to TS1/4 on input line 409.
)
("D:\afchavez\AppData\Local\Programs\MiKTeX 2.9\tex\latex\base\fontenc.sty"
Package: fontenc 2017/04/05 v2.0i Standard LaTeX package
)
("D:\afchavez\AppData\Local\Programs\MiKTeX 2.9\tex\latex\fontaxes\fontaxes.sty
"
Package: fontaxes 2014/03/23 v1.0d Font selection axes
LaTeX Info: Redefining \upshape on input line 29.
LaTeX Info: Redefining \itshape on input line 31.
LaTeX Info: Redefining \slshape on input line 33.
LaTeX Info: Redefining \scshape on input line 37.
)
("D:\afchavez\AppData\Local\Programs\MiKTeX 2.9\tex\latex\mweights\mweights.sty
"
Package: mweights 2017/03/30 (Bob Tennent) Support package for multiple-weight 
font packages. 
LaTeX Info: Redefining \bfseries on input line 22.
LaTeX Info: Redefining \mdseries on input line 30.
LaTeX Info: Redefining \rmfamily on input line 38.
LaTeX Info: Redefining \sffamily on input line 66.
LaTeX Info: Redefining \ttfamily on input line 94.
)
LaTeX Info: Redefining \oldstylenums on input line 189.
)
("D:\afchavez\AppData\Local\Programs\MiKTeX 2.9\tex\latex\fancyhdr\fancyhdr.sty
"
Package: fancyhdr 2017/06/30 v3.9a Extensive control of page headers and footer
s
\f@nch@headwidth=\skip52
\f@nch@O@elh=\skip53
\f@nch@O@erh=\skip54
\f@nch@O@olh=\skip55
\f@nch@O@orh=\skip56
\f@nch@O@elf=\skip57
\f@nch@O@erf=\skip58
\f@nch@O@olf=\skip59
\f@nch@O@orf=\skip60
)
("D:\afchavez\AppData\Local\Programs\MiKTeX 2.9\tex\latex\titlesec\titlesec.sty
"
Package: titlesec 2016/03/21 v2.10.2 Sectioning titles
\ttl@box=\box68
\beforetitleunit=\skip61
\aftertitleunit=\skip62
\ttl@plus=\dimen276
\ttl@minus=\dimen277
\ttl@toksa=\toks41
\titlewidth=\dimen278
\titlewidthlast=\dimen279
\titlewidthfirst=\dimen280
) ("D:\afchavez\AppData\Local\Programs\MiKTeX 2.9\tex\latex\titlesec\block.tss"
File: block.tss 2016/03/15
))
No file student_template.aux.
\openout1 = `student_template.aux'.

LaTeX Font Info:    Checking defaults for OML/cmm/m/it on input line 41.
LaTeX Font Info:    ... okay on input line 41.
LaTeX Font Info:    Checking defaults for T1/cmr/m/n on input line 41.
LaTeX Font Info:    ... okay on input line 41.
LaTeX Font Info:    Checking defaults for OT1/cmr/m/n on input line 41.
LaTeX Font Info:    ... okay on input line 41.
LaTeX Font Info:    Checking defaults for OMS/cmsy/m/n on input line 41.
LaTeX Font Info:    ... okay on input line 41.
LaTeX Font Info:    Checking defaults for OMX/cmex/m/n on input line 41.
LaTeX Font Info:    ... okay on input line 41.
LaTeX Font Info:    Checking defaults for U/cmr/m/n on input line 41.
LaTeX Font Info:    ... okay on input line 41.
LaTeX Font Info:    Checking defaults for TS1/cmr/m/n on input line 41.
LaTeX Font Info:    Try loading font information for TS1+cmr on input line 41.
("D:\afchavez\AppData\Local\Programs\MiKTeX 2.9\tex\latex\base\ts1cmr.fd"
File: ts1cmr.fd 2014/09/29 v2.5h Standard LaTeX font definitions
)
LaTeX Font Info:    ... okay on input line 41.
LaTeX Font Info:    Try loading font information for T1+Roboto-LF on input line
 41.

("D:\afchavez\AppData\Local\Programs\MiKTeX 2.9\tex\latex\roboto\t1roboto-lf.fd
"
File: T1Roboto-LF.fd 2015/09/15 (autoinst) Font definitions for T1/Roboto-LF.
)
LaTeX Font Info:    Font shape `T1/Roboto-LF/l/n' will be
(Font)              scaled to size 10.95pt on input line 41.
Package lastpage Info: Please have a look at the pageslts package at
(lastpage)             https://www.ctan.org/pkg/pageslts
(lastpage)             ! on input line 41.

("D:\afchavez\AppData\Local\Programs\MiKTeX 2.9\tex\context\base\supp-pdf.mkii"
[Loading MPS to PDF converter (version 2006.09.02).]
\scratchcounter=\count299
\scratchdimen=\dimen281
\scratchbox=\box69
\nofMPsegments=\count300
\nofMParguments=\count301
\everyMPshowfont=\toks42
\MPscratchCnt=\count302
\MPscratchDim=\dimen282
\MPnumerator=\count303
\makeMPintoPDFobject=\count304
\everyMPtoPDFconversion=\toks43
)
("D:\afchavez\AppData\Local\Programs\MiKTeX 2.9\tex\latex\oberdiek\epstopdf-bas
e.sty"
Package: epstopdf-base 2016/05/15 v2.6 Base part for package epstopdf

("D:\afchavez\AppData\Local\Programs\MiKTeX 2.9\tex\latex\oberdiek\grfext.sty"
Package: grfext 2016/05/16 v1.2 Manage graphics extensions (HO)

("D:\afchavez\AppData\Local\Programs\MiKTeX 2.9\tex\generic\oberdiek\kvdefineke
ys.sty"
Package: kvdefinekeys 2016/05/16 v1.4 Define keys (HO)
))
("D:\afchavez\AppData\Local\Programs\MiKTeX 2.9\tex\latex\oberdiek\kvoptions.st
y"
Package: kvoptions 2016/05/16 v3.12 Key value format for package options (HO)

("D:\afchavez\AppData\Local\Programs\MiKTeX 2.9\tex\generic\oberdiek\kvsetkeys.
sty"
Package: kvsetkeys 2016/05/16 v1.17 Key value parser (HO)

("D:\afchavez\AppData\Local\Programs\MiKTeX 2.9\tex\generic\oberdiek\etexcmds.s
ty"
Package: etexcmds 2016/05/16 v1.6 Avoid name clashes with e-TeX commands (HO)
Package etexcmds Info: Could not find \expanded.
(etexcmds)             That can mean that you are not using pdfTeX 1.50 or
(etexcmds)             that some package has redefined \expanded.
(etexcmds)             In the latter case, load this package earlier.
)))
Package epstopdf-base Info: Redefining graphics rule for `.eps' on input line 4
38.
Package grfext Info: Graphics extension search list:
(grfext)             [.pdf,.png,.jpg,.mps,.jpeg,.jbig2,.jb2,.PDF,.PNG,.JPG,.JPE
G,.JBIG2,.JB2,.eps]
(grfext)             \AppendGraphicsExtensions on input line 456.
) ABD: EveryShipout initializing macros
\c@lstlisting=\count305

*geometry* driver: auto-detecting
*geometry* detected driver: pdftex
*geometry* verbose mode - [ preamble ] result:
* driver: pdftex
* paper: a4paper
* layout: <same size as paper>
* layoutoffset:(h,v)=(0.0pt,0.0pt)
* modes: 
* h-part:(L,W,R)=(71.13188pt, 455.24411pt, 71.13188pt)
* v-part:(T,H,B)=(85.35826pt, 674.33032pt, 85.35826pt)
* \paperwidth=597.50787pt
* \paperheight=845.04684pt
* \textwidth=455.24411pt
* \textheight=674.33032pt
* \oddsidemargin=-1.1381pt
* \evensidemargin=-1.1381pt
* \topmargin=-35.05495pt
* \headheight=14.0pt
* \headsep=34.14322pt
* \topskip=11.0pt
* \footskip=39.83368pt
* \marginparwidth=59.0pt
* \marginparsep=10.0pt
* \columnsep=10.0pt
* \skip\footins=10.0pt plus 4.0pt minus 2.0pt
* \hoffset=0.0pt
* \voffset=0.0pt
* \mag=1000
* \@twocolumnfalse
* \@twosidefalse
* \@mparswitchfalse
* \@reversemarginfalse
* (1in=72.27pt=25.4mm, 1cm=28.453pt)

\c@mv@tabular=\count306
\c@mv@boldtabular=\count307
LaTeX Font Info:    Font shape `T1/Roboto-LF/l/n' will be
(Font)              scaled to size 17.28pt on input line 47.
LaTeX Font Info:    Font shape `T1/Roboto-LF/b/n' will be
(Font)              scaled to size 17.28pt on input line 47.
LaTeX Font Info:    Font shape `T1/Roboto-LF/l/n' will be
(Font)              scaled to size 10.0pt on input line 47.
LaTeX Font Info:    Font shape `T1/Roboto-LF/l/n' will be
(Font)              scaled to size 12.0pt on input line 47.
LaTeX Font Info:    Font shape `T1/Roboto-LF/l/it' will be
(Font)              scaled to size 12.0pt on input line 47.
LaTeX Font Info:    Font shape `T1/Roboto-LF/b/n' will be
(Font)              scaled to size 12.0pt on input line 47.
[1

{D:/afchavez/AppData/Local/MiKTeX/2.9/pdftex/config/pdftex.map}]
LaTeX Font Info:    Font shape `T1/Roboto-LF/l/n' will be
(Font)              scaled to size 14.4pt on input line 57.
LaTeX Font Info:    Font shape `T1/Roboto-LF/b/n' will be
(Font)              scaled to size 14.4pt on input line 57.
LaTeX Font Info:    Font shape `T1/Roboto-LF/b/n' will be
(Font)              scaled to size 10.95pt on input line 59.
<swallow.jpg, id=47, 1606.0pt x 1069.9975pt>
File: swallow.jpg Graphic file (type jpg)
<use swallow.jpg>
Package pdftex.def Info: swallow.jpg  used on input line 62.
(pdftex.def)             Requested size: 227.62206pt x 151.64355pt.
LaTeX Font Info:    Font shape `T1/Roboto-LF/l/it' will be
(Font)              scaled to size 10.95pt on input line 79.
LaTeX Font Info:    Font shape `T1/Roboto-LF/l/n' will be
(Font)              scaled to size 8.0pt on input line 89.
LaTeX Font Info:    Font shape `T1/Roboto-LF/b/n' will be
(Font)              scaled to size 8.0pt on input line 89.


LaTeX Warning: Reference `eq:bayes' on page 2 undefined on input line 103.

LaTeX Font Info:    Font shape `T1/Roboto-LF/l/it' will be
(Font)              scaled to size 10.0pt on input line 109.
LaTeX Font Info:    Font shape `T1/Roboto-LF/b/n' will be
(Font)              scaled to size 10.0pt on input line 109.

LaTeX Warning: Reference `LastPage' on page 2 undefined on input line 109.

[2 <./swallow.jpg>]
("D:\afchavez\AppData\Local\Programs\MiKTeX 2.9\tex\latex\listings\lstlang1.sty
"
File: lstlang1.sty 2018/09/02 1.7 listings language file
) (luftballons.pl
LaTeX Font Info:    Font shape `T1/Roboto-LF/l/n' will be
(Font)              scaled to size 6.0pt on input line 1.


LaTeX Warning: Reference `LastPage' on page 3 undefined on input line 10.

[3])

LaTeX Warning: Reference `lst:luftballons' on page 4 undefined on input line 16
3.


LaTeX Warning: Reference `lst:luftballons' on page 4 undefined on input line 17
1.


Package lastpage Warning: Rerun to get the references right on input line 183.


AED: lastpage setting LastPage

LaTeX Warning: Reference `LastPage' on page 4 undefined on input line 183.

[4] (student_template.aux)

LaTeX Warning: There were undefined references.


LaTeX Warning: Label(s) may have changed. Rerun to get cross-references right.

 ) 
Here is how much of TeX's memory you used:
 30364 strings out of 493305
 615579 string characters out of 3131107
 855168 words of memory out of 3000000
 33472 multiletter control sequences out of 15000+200000
 620541 words of font info for 71 fonts, out of 3000000 for 9000
 1141 hyphenation exceptions out of 8191
 65i,12n,101p,916b,2080s stack positions out of 5000i,500n,10000p,200000b,50000s
{D:/afchavez/AppData/Local/Programs/MiKTeX 2.9/fonts/enc/dvips/roboto/rbto_id
pkzy.enc}<D:/afchavez/AppData/Local/Programs/MiKTeX 2.9/fonts/type1/google/robo
to/Roboto-Bold.pfb><D:/afchavez/AppData/Local/Programs/MiKTeX 2.9/fonts/type1/g
oogle/roboto/Roboto-Light.pfb><D:/afchavez/AppData/Local/Programs/MiKTeX 2.9/fo
nts/type1/google/roboto/Roboto-LightItalic.pfb><D:/afchavez/AppData/Local/Progr
ams/MiKTeX 2.9/fonts/type1/public/amsfonts/cm/cmmi10.pfb><D:/afchavez/AppData/L
ocal/Programs/MiKTeX 2.9/fonts/type1/public/amsfonts/cm/cmr10.pfb><D:/afchavez/
AppData/Local/Programs/MiKTeX 2.9/fonts/type1/public/amsfonts/cm/cmsy10.pfb>
Output written on student_template.pdf (4 pages, 291406 bytes).
PDF statistics:
 80 PDF objects out of 1000 (max. 8388607)
 0 named destinations out of 1000 (max. 500000)
 162 words of extra memory for PDF output out of 10000 (max. 10000000)

