This is pdfTeX, Version 3.14159265-2.6-1.40.20 (MiKTeX 2.9.7050 64-bit) (preloaded format=pdflatex 2019.7.2)  6 JUL 2019 12:32
entering extended mode
**./JPoster_MathPsych.tex
(JPoster_MathPsych.tex
LaTeX2e <2018-12-01>
("C:\Users\Jaime\AppData\Local\Programs\MiKTeX 2.9\tex/latex/beamer\beamer.cls"
Document Class: beamer 2018/12/02 v3.55 A class for typesetting presentations

("C:\Users\Jaime\AppData\Local\Programs\MiKTeX 2.9\tex/latex/beamer\beamerbasem
odes.sty"
("C:\Users\Jaime\AppData\Local\Programs\MiKTeX 2.9\tex/latex/etoolbox\etoolbox.
sty"
Package: etoolbox 2018/08/19 v2.5f e-TeX tools for LaTeX (JAW)
\etb@tempcnta=\count80
)
\beamer@tempbox=\box27
\beamer@tempcount=\count81
\c@beamerpauses=\count82

("C:\Users\Jaime\AppData\Local\Programs\MiKTeX 2.9\tex/latex/beamer\beamerbased
ecode.sty"
\beamer@slideinframe=\count83
\beamer@minimum=\count84
)
\beamer@commentbox=\box28
\beamer@modecount=\count85
)
("C:\Users\Jaime\AppData\Local\Programs\MiKTeX 2.9\tex/generic/oberdiek\ifpdf.s
ty"
Package: ifpdf 2018/09/07 v3.3 Provides the ifpdf switch
)
\headdp=\dimen102
\footheight=\dimen103
\sidebarheight=\dimen104
\beamer@tempdim=\dimen105
\beamer@finalheight=\dimen106
\beamer@animht=\dimen107
\beamer@animdp=\dimen108
\beamer@animwd=\dimen109
\beamer@leftmargin=\dimen110
\beamer@rightmargin=\dimen111
\beamer@leftsidebar=\dimen112
\beamer@rightsidebar=\dimen113
\beamer@boxsize=\dimen114
\beamer@vboxoffset=\dimen115
\beamer@descdefault=\dimen116
\beamer@descriptionwidth=\dimen117
\beamer@lastskip=\skip41
\beamer@areabox=\box29
\beamer@animcurrent=\box30
\beamer@animshowbox=\box31
\beamer@sectionbox=\box32
\beamer@logobox=\box33
\beamer@linebox=\box34
\beamer@sectioncount=\count86
\beamer@subsubsectionmax=\count87
\beamer@subsectionmax=\count88
\beamer@sectionmax=\count89
\beamer@totalheads=\count90
\beamer@headcounter=\count91
\beamer@partstartpage=\count92
\beamer@sectionstartpage=\count93
\beamer@subsectionstartpage=\count94
\beamer@animationtempa=\count95
\beamer@animationtempb=\count96
\beamer@xpos=\count97
\beamer@ypos=\count98
\beamer@ypos@offset=\count99
\beamer@showpartnumber=\count100
\beamer@currentsubsection=\count101
\beamer@coveringdepth=\count102
\beamer@sectionadjust=\count103
\beamer@tocsectionnumber=\count104

("C:\Users\Jaime\AppData\Local\Programs\MiKTeX 2.9\tex/latex/beamer\beamerbaseo
ptions.sty"
("C:\Users\Jaime\AppData\Local\Programs\MiKTeX 2.9\tex/latex/graphics\keyval.st
y"
Package: keyval 2014/10/28 v1.15 key=value parser (DPC)
\KV@toks@=\toks14
))
\beamer@paperwidth=\skip42
\beamer@paperheight=\skip43

("C:\Users\Jaime\AppData\Local\Programs\MiKTeX 2.9\tex/latex/geometry\geometry.
sty"
Package: geometry 2018/04/16 v5.8 Page Geometry

("C:\Users\Jaime\AppData\Local\Programs\MiKTeX 2.9\tex/generic/oberdiek\ifvtex.
sty"
Package: ifvtex 2016/05/16 v1.6 Detect VTeX and its facilities (HO)
Package ifvtex Info: VTeX not detected.
)
("C:\Users\Jaime\AppData\Local\Programs\MiKTeX 2.9\tex/generic/ifxetex\ifxetex.
sty"
Package: ifxetex 2010/09/12 v0.6 Provides ifxetex conditional
)
\Gm@cnth=\count105
\Gm@cntv=\count106
\c@Gm@tempcnt=\count107
\Gm@bindingoffset=\dimen118
\Gm@wd@mp=\dimen119
\Gm@odd@mp=\dimen120
\Gm@even@mp=\dimen121
\Gm@layoutwidth=\dimen122
\Gm@layoutheight=\dimen123
\Gm@layouthoffset=\dimen124
\Gm@layoutvoffset=\dimen125
\Gm@dimlist=\toks15

("C:\Users\Jaime\AppData\Local\Programs\MiKTeX 2.9\tex/latex/geometry\geometry.
cfg"))
("C:\Users\Jaime\AppData\Local\Programs\MiKTeX 2.9\tex/latex/base\size11.clo"
File: size11.clo 2018/09/03 v1.4i Standard LaTeX file (size option)
)
("C:\Users\Jaime\AppData\Local\Programs\MiKTeX 2.9\tex/latex/pgf/basiclayer\pgf
core.sty"
("C:\Users\Jaime\AppData\Local\Programs\MiKTeX 2.9\tex/latex/graphics\graphicx.
sty"
Package: graphicx 2017/06/01 v1.1a Enhanced LaTeX Graphics (DPC,SPQR)

("C:\Users\Jaime\AppData\Local\Programs\MiKTeX 2.9\tex/latex/graphics\graphics.
sty"
Package: graphics 2017/06/25 v1.2c Standard LaTeX Graphics (DPC,SPQR)

("C:\Users\Jaime\AppData\Local\Programs\MiKTeX 2.9\tex/latex/graphics\trig.sty"
Package: trig 2016/01/03 v1.10 sin cos tan (DPC)
)
("C:\Users\Jaime\AppData\Local\Programs\MiKTeX 2.9\tex/latex/graphics-cfg\graph
ics.cfg"
File: graphics.cfg 2016/06/04 v1.11 sample graphics configuration
)
Package graphics Info: Driver file: pdftex.def on input line 99.

("C:\Users\Jaime\AppData\Local\Programs\MiKTeX 2.9\tex/latex/graphics-def\pdfte
x.def"
File: pdftex.def 2018/01/08 v1.0l Graphics/color driver for pdftex
))
\Gin@req@height=\dimen126
\Gin@req@width=\dimen127
)
("C:\Users\Jaime\AppData\Local\Programs\MiKTeX 2.9\tex/latex/pgf/systemlayer\pg
fsys.sty"
("C:\Users\Jaime\AppData\Local\Programs\MiKTeX 2.9\tex/latex/pgf/utilities\pgfr
cs.sty"
("C:\Users\Jaime\AppData\Local\Programs\MiKTeX 2.9\tex/generic/pgf/utilities\pg
futil-common.tex"
\pgfutil@everybye=\toks16
\pgfutil@tempdima=\dimen128
\pgfutil@tempdimb=\dimen129

("C:\Users\Jaime\AppData\Local\Programs\MiKTeX 2.9\tex/generic/pgf/utilities\pg
futil-common-lists.tex"))
("C:\Users\Jaime\AppData\Local\Programs\MiKTeX 2.9\tex/generic/pgf/utilities\pg
futil-latex.def"
\pgfutil@abb=\box35

("C:\Users\Jaime\AppData\Local\Programs\MiKTeX 2.9\tex/latex/ms\everyshi.sty"
Package: everyshi 2001/05/15 v3.00 EveryShipout Package (MS)
))
("C:\Users\Jaime\AppData\Local\Programs\MiKTeX 2.9\tex/generic/pgf/utilities\pg
frcs.code.tex"
("C:\Users\Jaime\AppData\Local\Programs\MiKTeX 2.9\tex/generic/pgf\pgf.revision
.tex")
Package: pgfrcs 2019/05/09 v3.1.3 (3.1.3)
))
("C:\Users\Jaime\AppData\Local\Programs\MiKTeX 2.9\tex/generic/pgf/systemlayer\
pgfsys.code.tex"
Package: pgfsys 2019/05/09 v3.1.3 (3.1.3)

("C:\Users\Jaime\AppData\Local\Programs\MiKTeX 2.9\tex/generic/pgf/utilities\pg
fkeys.code.tex"
\pgfkeys@pathtoks=\toks17
\pgfkeys@temptoks=\toks18

("C:\Users\Jaime\AppData\Local\Programs\MiKTeX 2.9\tex/generic/pgf/utilities\pg
fkeysfiltered.code.tex"
\pgfkeys@tmptoks=\toks19
))
\pgf@x=\dimen130
\pgf@y=\dimen131
\pgf@xa=\dimen132
\pgf@ya=\dimen133
\pgf@xb=\dimen134
\pgf@yb=\dimen135
\pgf@xc=\dimen136
\pgf@yc=\dimen137
\pgf@xd=\dimen138
\pgf@yd=\dimen139
\w@pgf@writea=\write3
\r@pgf@reada=\read1
\c@pgf@counta=\count108
\c@pgf@countb=\count109
\c@pgf@countc=\count110
\c@pgf@countd=\count111
\t@pgf@toka=\toks20
\t@pgf@tokb=\toks21
\t@pgf@tokc=\toks22
\pgf@sys@id@count=\count112

("C:\Users\Jaime\AppData\Local\Programs\MiKTeX 2.9\tex/generic/pgf/systemlayer\
pgf.cfg"
File: pgf.cfg 2019/05/09 v3.1.3 (3.1.3)
)
Driver file for pgf: pgfsys-pdftex.def

("C:\Users\Jaime\AppData\Local\Programs\MiKTeX 2.9\tex/generic/pgf/systemlayer\
pgfsys-pdftex.def"
File: pgfsys-pdftex.def 2019/05/09 v3.1.3 (3.1.3)

("C:\Users\Jaime\AppData\Local\Programs\MiKTeX 2.9\tex/generic/pgf/systemlayer\
pgfsys-common-pdf.def"
File: pgfsys-common-pdf.def 2019/05/09 v3.1.3 (3.1.3)
)))
("C:\Users\Jaime\AppData\Local\Programs\MiKTeX 2.9\tex/generic/pgf/systemlayer\
pgfsyssoftpath.code.tex"
File: pgfsyssoftpath.code.tex 2019/05/09 v3.1.3 (3.1.3)
\pgfsyssoftpath@smallbuffer@items=\count113
\pgfsyssoftpath@bigbuffer@items=\count114
)
("C:\Users\Jaime\AppData\Local\Programs\MiKTeX 2.9\tex/generic/pgf/systemlayer\
pgfsysprotocol.code.tex"
File: pgfsysprotocol.code.tex 2019/05/09 v3.1.3 (3.1.3)
))
("C:\Users\Jaime\AppData\Local\Programs\MiKTeX 2.9\tex/latex/xcolor\xcolor.sty"
Package: xcolor 2016/05/11 v2.12 LaTeX color extensions (UK)

("C:\Users\Jaime\AppData\Local\Programs\MiKTeX 2.9\tex/latex/graphics-cfg\color
.cfg"
File: color.cfg 2016/01/02 v1.6 sample color configuration
)
Package xcolor Info: Driver file: pdftex.def on input line 225.
Package xcolor Info: Model `cmy' substituted by `cmy0' on input line 1348.
Package xcolor Info: Model `hsb' substituted by `rgb' on input line 1352.
Package xcolor Info: Model `RGB' extended on input line 1364.
Package xcolor Info: Model `HTML' substituted by `rgb' on input line 1366.
Package xcolor Info: Model `Hsb' substituted by `hsb' on input line 1367.
Package xcolor Info: Model `tHsb' substituted by `hsb' on input line 1368.
Package xcolor Info: Model `HSB' substituted by `hsb' on input line 1369.
Package xcolor Info: Model `Gray' substituted by `gray' on input line 1370.
Package xcolor Info: Model `wave' substituted by `hsb' on input line 1371.
)
("C:\Users\Jaime\AppData\Local\Programs\MiKTeX 2.9\tex/generic/pgf/basiclayer\p
gfcore.code.tex"
Package: pgfcore 2019/05/09 v3.1.3 (3.1.3)

("C:\Users\Jaime\AppData\Local\Programs\MiKTeX 2.9\tex/generic/pgf/math\pgfmath
.code.tex"
("C:\Users\Jaime\AppData\Local\Programs\MiKTeX 2.9\tex/generic/pgf/math\pgfmath
calc.code.tex"
("C:\Users\Jaime\AppData\Local\Programs\MiKTeX 2.9\tex/generic/pgf/math\pgfmath
util.code.tex")
("C:\Users\Jaime\AppData\Local\Programs\MiKTeX 2.9\tex/generic/pgf/math\pgfmath
parser.code.tex"
\pgfmath@dimen=\dimen140
\pgfmath@count=\count115
\pgfmath@box=\box36
\pgfmath@toks=\toks23
\pgfmath@stack@operand=\toks24
\pgfmath@stack@operation=\toks25
)
("C:\Users\Jaime\AppData\Local\Programs\MiKTeX 2.9\tex/generic/pgf/math\pgfmath
functions.code.tex"
("C:\Users\Jaime\AppData\Local\Programs\MiKTeX 2.9\tex/generic/pgf/math\pgfmath
functions.basic.code.tex")
("C:\Users\Jaime\AppData\Local\Programs\MiKTeX 2.9\tex/generic/pgf/math\pgfmath
functions.trigonometric.code.tex")
("C:\Users\Jaime\AppData\Local\Programs\MiKTeX 2.9\tex/generic/pgf/math\pgfmath
functions.random.code.tex")
("C:\Users\Jaime\AppData\Local\Programs\MiKTeX 2.9\tex/generic/pgf/math\pgfmath
functions.comparison.code.tex")
("C:\Users\Jaime\AppData\Local\Programs\MiKTeX 2.9\tex/generic/pgf/math\pgfmath
functions.base.code.tex")
("C:\Users\Jaime\AppData\Local\Programs\MiKTeX 2.9\tex/generic/pgf/math\pgfmath
functions.round.code.tex")
("C:\Users\Jaime\AppData\Local\Programs\MiKTeX 2.9\tex/generic/pgf/math\pgfmath
functions.misc.code.tex")
("C:\Users\Jaime\AppData\Local\Programs\MiKTeX 2.9\tex/generic/pgf/math\pgfmath
functions.integerarithmetics.code.tex")))
("C:\Users\Jaime\AppData\Local\Programs\MiKTeX 2.9\tex/generic/pgf/math\pgfmath
float.code.tex"
\c@pgfmathroundto@lastzeros=\count116
))
("C:\Users\Jaime\AppData\Local\Programs\MiKTeX 2.9\tex/generic/pgf/math\pgfint.
code.tex")
("C:\Users\Jaime\AppData\Local\Programs\MiKTeX 2.9\tex/generic/pgf/basiclayer\p
gfcorepoints.code.tex"
File: pgfcorepoints.code.tex 2019/05/09 v3.1.3 (3.1.3)
\pgf@picminx=\dimen141
\pgf@picmaxx=\dimen142
\pgf@picminy=\dimen143
\pgf@picmaxy=\dimen144
\pgf@pathminx=\dimen145
\pgf@pathmaxx=\dimen146
\pgf@pathminy=\dimen147
\pgf@pathmaxy=\dimen148
\pgf@xx=\dimen149
\pgf@xy=\dimen150
\pgf@yx=\dimen151
\pgf@yy=\dimen152
\pgf@zx=\dimen153
\pgf@zy=\dimen154
)
("C:\Users\Jaime\AppData\Local\Programs\MiKTeX 2.9\tex/generic/pgf/basiclayer\p
gfcorepathconstruct.code.tex"
File: pgfcorepathconstruct.code.tex 2019/05/09 v3.1.3 (3.1.3)
\pgf@path@lastx=\dimen155
\pgf@path@lasty=\dimen156
)
("C:\Users\Jaime\AppData\Local\Programs\MiKTeX 2.9\tex/generic/pgf/basiclayer\p
gfcorepathusage.code.tex"
File: pgfcorepathusage.code.tex 2019/05/09 v3.1.3 (3.1.3)
\pgf@shorten@end@additional=\dimen157
\pgf@shorten@start@additional=\dimen158
)
("C:\Users\Jaime\AppData\Local\Programs\MiKTeX 2.9\tex/generic/pgf/basiclayer\p
gfcorescopes.code.tex"
File: pgfcorescopes.code.tex 2019/05/09 v3.1.3 (3.1.3)
\pgfpic=\box37
\pgf@hbox=\box38
\pgf@layerbox@main=\box39
\pgf@picture@serial@count=\count117
)
("C:\Users\Jaime\AppData\Local\Programs\MiKTeX 2.9\tex/generic/pgf/basiclayer\p
gfcoregraphicstate.code.tex"
File: pgfcoregraphicstate.code.tex 2019/05/09 v3.1.3 (3.1.3)
\pgflinewidth=\dimen159
)
("C:\Users\Jaime\AppData\Local\Programs\MiKTeX 2.9\tex/generic/pgf/basiclayer\p
gfcoretransformations.code.tex"
File: pgfcoretransformations.code.tex 2019/05/09 v3.1.3 (3.1.3)
\pgf@pt@x=\dimen160
\pgf@pt@y=\dimen161
\pgf@pt@temp=\dimen162
)
("C:\Users\Jaime\AppData\Local\Programs\MiKTeX 2.9\tex/generic/pgf/basiclayer\p
gfcorequick.code.tex"
File: pgfcorequick.code.tex 2019/05/09 v3.1.3 (3.1.3)
)
("C:\Users\Jaime\AppData\Local\Programs\MiKTeX 2.9\tex/generic/pgf/basiclayer\p
gfcoreobjects.code.tex"
File: pgfcoreobjects.code.tex 2019/05/09 v3.1.3 (3.1.3)
)
("C:\Users\Jaime\AppData\Local\Programs\MiKTeX 2.9\tex/generic/pgf/basiclayer\p
gfcorepathprocessing.code.tex"
File: pgfcorepathprocessing.code.tex 2019/05/09 v3.1.3 (3.1.3)
)
("C:\Users\Jaime\AppData\Local\Programs\MiKTeX 2.9\tex/generic/pgf/basiclayer\p
gfcorearrows.code.tex"
File: pgfcorearrows.code.tex 2019/05/09 v3.1.3 (3.1.3)
\pgfarrowsep=\dimen163
)
("C:\Users\Jaime\AppData\Local\Programs\MiKTeX 2.9\tex/generic/pgf/basiclayer\p
gfcoreshade.code.tex"
File: pgfcoreshade.code.tex 2019/05/09 v3.1.3 (3.1.3)
\pgf@max=\dimen164
\pgf@sys@shading@range@num=\count118
\pgf@shadingcount=\count119
)
("C:\Users\Jaime\AppData\Local\Programs\MiKTeX 2.9\tex/generic/pgf/basiclayer\p
gfcoreimage.code.tex"
File: pgfcoreimage.code.tex 2019/05/09 v3.1.3 (3.1.3)

("C:\Users\Jaime\AppData\Local\Programs\MiKTeX 2.9\tex/generic/pgf/basiclayer\p
gfcoreexternal.code.tex"
File: pgfcoreexternal.code.tex 2019/05/09 v3.1.3 (3.1.3)
\pgfexternal@startupbox=\box40
))
("C:\Users\Jaime\AppData\Local\Programs\MiKTeX 2.9\tex/generic/pgf/basiclayer\p
gfcorelayers.code.tex"
File: pgfcorelayers.code.tex 2019/05/09 v3.1.3 (3.1.3)
)
("C:\Users\Jaime\AppData\Local\Programs\MiKTeX 2.9\tex/generic/pgf/basiclayer\p
gfcoretransparency.code.tex"
File: pgfcoretransparency.code.tex 2019/05/09 v3.1.3 (3.1.3)
)
("C:\Users\Jaime\AppData\Local\Programs\MiKTeX 2.9\tex/generic/pgf/basiclayer\p
gfcorepatterns.code.tex"
File: pgfcorepatterns.code.tex 2019/05/09 v3.1.3 (3.1.3)
)
("C:\Users\Jaime\AppData\Local\Programs\MiKTeX 2.9\tex/generic/pgf/basiclayer\p
gfcorerdf.code.tex"
File: pgfcorerdf.code.tex 2019/05/09 v3.1.3 (3.1.3)
)))
("C:\Users\Jaime\AppData\Local\Programs\MiKTeX 2.9\tex/latex/pgf/utilities\xxco
lor.sty"
Package: xxcolor 2003/10/24 ver 0.1
\XC@nummixins=\count120
\XC@countmixins=\count121
)
("C:\Users\Jaime\AppData\Local\Programs\MiKTeX 2.9\tex/generic/oberdiek\atbegsh
i.sty"
Package: atbegshi 2016/06/09 v1.18 At begin shipout hook (HO)

("C:\Users\Jaime\AppData\Local\Programs\MiKTeX 2.9\tex/generic/oberdiek\infware
rr.sty"
Package: infwarerr 2016/05/16 v1.4 Providing info/warning/error messages (HO)
)
("C:\Users\Jaime\AppData\Local\Programs\MiKTeX 2.9\tex/generic/oberdiek\ltxcmds
.sty"
Package: ltxcmds 2016/05/16 v1.23 LaTeX kernel commands for general use (HO)
))
("C:\Users\Jaime\AppData\Local\Programs\MiKTeX 2.9\tex/latex/hyperref\hyperref.
sty"
Package: hyperref 2018/11/30 v6.88e Hypertext links for LaTeX

("C:\Users\Jaime\AppData\Local\Programs\MiKTeX 2.9\tex/generic/oberdiek\hobsub-
hyperref.sty"
Package: hobsub-hyperref 2016/05/16 v1.14 Bundle oberdiek, subset hyperref (HO)


("C:\Users\Jaime\AppData\Local\Programs\MiKTeX 2.9\tex/generic/oberdiek\hobsub-
generic.sty"
Package: hobsub-generic 2016/05/16 v1.14 Bundle oberdiek, subset generic (HO)
Package: hobsub 2016/05/16 v1.14 Construct package bundles (HO)
Package hobsub Info: Skipping package `infwarerr' (already loaded).
Package hobsub Info: Skipping package `ltxcmds' (already loaded).
Package: ifluatex 2016/05/16 v1.4 Provides the ifluatex switch (HO)
Package ifluatex Info: LuaTeX not detected.
Package hobsub Info: Skipping package `ifvtex' (already loaded).
Package: intcalc 2016/05/16 v1.2 Expandable calculations with integers (HO)
Package hobsub Info: Skipping package `ifpdf' (already loaded).
Package: etexcmds 2016/05/16 v1.6 Avoid name clashes with e-TeX commands (HO)
Package: kvsetkeys 2016/05/16 v1.17 Key value parser (HO)
Package: kvdefinekeys 2016/05/16 v1.4 Define keys (HO)
Package: pdftexcmds 2018/09/10 v0.29 Utility functions of pdfTeX for LuaTeX (HO
)
Package pdftexcmds Info: LuaTeX not detected.
Package pdftexcmds Info: \pdf@primitive is available.
Package pdftexcmds Info: \pdf@ifprimitive is available.
Package pdftexcmds Info: \pdfdraftmode found.
Package: pdfescape 2016/05/16 v1.14 Implements pdfTeX's escape features (HO)
Package: bigintcalc 2016/05/16 v1.4 Expandable calculations on big integers (HO
)
Package: bitset 2016/05/16 v1.2 Handle bit-vector datatype (HO)
Package: uniquecounter 2016/05/16 v1.3 Provide unlimited unique counter (HO)
)
Package hobsub Info: Skipping package `hobsub' (already loaded).
Package: letltxmacro 2016/05/16 v1.5 Let assignment for LaTeX macros (HO)
Package: hopatch 2016/05/16 v1.3 Wrapper for package hooks (HO)
Package: xcolor-patch 2016/05/16 xcolor patch
Package: atveryend 2016/05/16 v1.9 Hooks at the very end of document (HO)
Package hobsub Info: Skipping package `atbegshi' (already loaded).
Package: refcount 2016/05/16 v3.5 Data extraction from label references (HO)
Package: hycolor 2016/05/16 v1.8 Color options for hyperref/bookmark (HO)
)
("C:\Users\Jaime\AppData\Local\Programs\MiKTeX 2.9\tex/latex/oberdiek\auxhook.s
ty"
Package: auxhook 2016/05/16 v1.4 Hooks for auxiliary files (HO)
)
("C:\Users\Jaime\AppData\Local\Programs\MiKTeX 2.9\tex/latex/oberdiek\kvoptions
.sty"
Package: kvoptions 2016/05/16 v3.12 Key value format for package options (HO)
)
\@linkdim=\dimen165
\Hy@linkcounter=\count122
\Hy@pagecounter=\count123

("C:\Users\Jaime\AppData\Local\Programs\MiKTeX 2.9\tex/latex/hyperref\pd1enc.de
f"
File: pd1enc.def 2018/11/30 v6.88e Hyperref: PDFDocEncoding definition (HO)
Now handling font encoding PD1 ...
... no UTF-8 mapping file for font encoding PD1
)
\Hy@SavedSpaceFactor=\count124

("C:\Users\Jaime\AppData\Local\Programs\MiKTeX 2.9\tex/latex/00miktex\hyperref.
cfg"
File: hyperref.cfg 2002/06/06 v1.2 hyperref configuration of TeXLive
)
Package hyperref Info: Option `final' set `true' on input line 4393.
Package hyperref Info: Option `bookmarks' set `true' on input line 4393.
Package hyperref Info: Option `bookmarksopen' set `true' on input line 4393.
Package hyperref Info: Option `implicit' set `false' on input line 4393.
Package hyperref Info: Hyper figures OFF on input line 4519.
Package hyperref Info: Link nesting OFF on input line 4524.
Package hyperref Info: Hyper index ON on input line 4527.
Package hyperref Info: Plain pages OFF on input line 4534.
Package hyperref Info: Backreferencing OFF on input line 4539.
Package hyperref Info: Implicit mode OFF; no redefinition of LaTeX internals.
Package hyperref Info: Bookmarks ON on input line 4772.
\c@Hy@tempcnt=\count125
 ("C:\Users\Jaime\AppData\Local\Programs\MiKTeX 2.9\tex/latex/url\url.sty"
\Urlmuskip=\muskip10
Package: url 2013/09/16  ver 3.4  Verb mode for urls, etc.
)
LaTeX Info: Redefining \url on input line 5125.
\XeTeXLinkMargin=\dimen166
\Fld@menulength=\count126
\Field@Width=\dimen167
\Fld@charsize=\dimen168
Package hyperref Info: Hyper figures OFF on input line 6380.
Package hyperref Info: Link nesting OFF on input line 6385.
Package hyperref Info: Hyper index ON on input line 6388.
Package hyperref Info: backreferencing OFF on input line 6395.
Package hyperref Info: Link coloring OFF on input line 6400.
Package hyperref Info: Link coloring with OCG OFF on input line 6405.
Package hyperref Info: PDF/A mode OFF on input line 6410.
LaTeX Info: Redefining \ref on input line 6450.
LaTeX Info: Redefining \pageref on input line 6454.
\Hy@abspage=\count127


Package hyperref Message: Stopped early.

)
Package hyperref Info: Driver (autodetected): hpdftex.

("C:\Users\Jaime\AppData\Local\Programs\MiKTeX 2.9\tex/latex/hyperref\hpdftex.d
ef"
File: hpdftex.def 2018/11/30 v6.88e Hyperref driver for pdfTeX
\Fld@listcount=\count128
\c@bookmark@seq@number=\count129

("C:\Users\Jaime\AppData\Local\Programs\MiKTeX 2.9\tex/latex/oberdiek\rerunfile
check.sty"
Package: rerunfilecheck 2016/05/16 v1.8 Rerun checks for auxiliary files (HO)
Package uniquecounter Info: New unique counter `rerunfilecheck' on input line 2
82.
))
("C:\Users\Jaime\AppData\Local\Programs\MiKTeX 2.9\tex/latex/beamer\beamerbaser
equires.sty"
("C:\Users\Jaime\AppData\Local\Programs\MiKTeX 2.9\tex/latex/beamer\beamerbasec
ompatibility.sty")
("C:\Users\Jaime\AppData\Local\Programs\MiKTeX 2.9\tex/latex/beamer\beamerbasef
ont.sty"
("C:\Users\Jaime\AppData\Local\Programs\MiKTeX 2.9\tex/latex/amsfonts\amssymb.s
ty"
Package: amssymb 2013/01/14 v3.01 AMS font symbols

("C:\Users\Jaime\AppData\Local\Programs\MiKTeX 2.9\tex/latex/amsfonts\amsfonts.
sty"
Package: amsfonts 2013/01/14 v3.01 Basic AMSFonts support
\@emptytoks=\toks26
\symAMSa=\mathgroup4
\symAMSb=\mathgroup5
LaTeX Font Info:    Overwriting math alphabet `\mathfrak' in version `bold'
(Font)                  U/euf/m/n --> U/euf/b/n on input line 106.
))
("C:\Users\Jaime\AppData\Local\Programs\MiKTeX 2.9\tex/latex/sansmathaccent\san
smathaccent.sty"
Package: sansmathaccent 2013/03/28

("C:\Users\Jaime\AppData\Local\Programs\MiKTeX 2.9\tex/latex/filehook\filehook.
sty"
Package: filehook 2011/10/12 v0.5d Hooks for input files
)))
("C:\Users\Jaime\AppData\Local\Programs\MiKTeX 2.9\tex/latex/beamer\beamerbaset
ranslator.sty"
("C:\Users\Jaime\AppData\Local\Programs\MiKTeX 2.9\tex/latex/translator\transla
tor.sty"
Package: translator 2019-05-31 v1.12a Easy translation of strings in LaTeX
))
("C:\Users\Jaime\AppData\Local\Programs\MiKTeX 2.9\tex/latex/beamer\beamerbasem
isc.sty")
("C:\Users\Jaime\AppData\Local\Programs\MiKTeX 2.9\tex/latex/beamer\beamerbaset
woscreens.sty")
("C:\Users\Jaime\AppData\Local\Programs\MiKTeX 2.9\tex/latex/beamer\beamerbaseo
verlay.sty"
\beamer@argscount=\count130
\beamer@lastskipcover=\skip44
\beamer@trivlistdepth=\count131
)
("C:\Users\Jaime\AppData\Local\Programs\MiKTeX 2.9\tex/latex/beamer\beamerbaset
itle.sty")
("C:\Users\Jaime\AppData\Local\Programs\MiKTeX 2.9\tex/latex/beamer\beamerbases
ection.sty"
\c@lecture=\count132
\c@part=\count133
\c@section=\count134
\c@subsection=\count135
\c@subsubsection=\count136
)
("C:\Users\Jaime\AppData\Local\Programs\MiKTeX 2.9\tex/latex/beamer\beamerbasef
rame.sty"
\beamer@framebox=\box41
\beamer@frametitlebox=\box42
\beamer@zoombox=\box43
\beamer@zoomcount=\count137
\beamer@zoomframecount=\count138
\beamer@frametextheight=\dimen169
\c@subsectionslide=\count139
\beamer@frametopskip=\skip45
\beamer@framebottomskip=\skip46
\beamer@frametopskipautobreak=\skip47
\beamer@framebottomskipautobreak=\skip48
\beamer@envbody=\toks27
\framewidth=\dimen170
\c@framenumber=\count140
)
("C:\Users\Jaime\AppData\Local\Programs\MiKTeX 2.9\tex/latex/beamer\beamerbasev
erbatim.sty"
\beamer@verbatimfileout=\write4
)
("C:\Users\Jaime\AppData\Local\Programs\MiKTeX 2.9\tex/latex/beamer\beamerbasef
ramesize.sty"
\beamer@splitbox=\box44
\beamer@autobreakcount=\count141
\beamer@autobreaklastheight=\dimen171
\beamer@frametitletoks=\toks28
\beamer@framesubtitletoks=\toks29
)
("C:\Users\Jaime\AppData\Local\Programs\MiKTeX 2.9\tex/latex/beamer\beamerbasef
ramecomponents.sty"
\beamer@footins=\box45
)
("C:\Users\Jaime\AppData\Local\Programs\MiKTeX 2.9\tex/latex/beamer\beamerbasec
olor.sty")
("C:\Users\Jaime\AppData\Local\Programs\MiKTeX 2.9\tex/latex/beamer\beamerbasen
otes.sty"
\beamer@frameboxcopy=\box46
)
("C:\Users\Jaime\AppData\Local\Programs\MiKTeX 2.9\tex/latex/beamer\beamerbaset
oc.sty")
("C:\Users\Jaime\AppData\Local\Programs\MiKTeX 2.9\tex/latex/beamer\beamerbaset
emplates.sty"
\beamer@sbttoks=\toks30

("C:\Users\Jaime\AppData\Local\Programs\MiKTeX 2.9\tex/latex/beamer\beamerbasea
uxtemplates.sty"
("C:\Users\Jaime\AppData\Local\Programs\MiKTeX 2.9\tex/latex/beamer\beamerbaseb
oxes.sty"
\bmb@box=\box47
\bmb@colorbox=\box48
\bmb@boxshadow=\box49
\bmb@boxshadowball=\box50
\bmb@boxshadowballlarge=\box51
\bmb@temp=\dimen172
\bmb@dima=\dimen173
\bmb@dimb=\dimen174
\bmb@prevheight=\dimen175
)
\beamer@blockheadheight=\dimen176
))
("C:\Users\Jaime\AppData\Local\Programs\MiKTeX 2.9\tex/latex/beamer\beamerbasel
ocalstructure.sty"
("C:\Users\Jaime\AppData\Local\Programs\MiKTeX 2.9\tex/latex/tools\enumerate.st
y"
Package: enumerate 2015/07/23 v3.00 enumerate extensions (DPC)
\@enLab=\toks31
)
\c@figure=\count142
\c@table=\count143
\abovecaptionskip=\skip49
\belowcaptionskip=\skip50
)
("C:\Users\Jaime\AppData\Local\Programs\MiKTeX 2.9\tex/latex/beamer\beamerbasen
avigation.sty"
\beamer@section@min@dim=\dimen177
)
("C:\Users\Jaime\AppData\Local\Programs\MiKTeX 2.9\tex/latex/beamer\beamerbaset
heorems.sty"
("C:\Users\Jaime\AppData\Local\Programs\MiKTeX 2.9\tex/latex/amsmath\amsmath.st
y"
Package: amsmath 2018/12/01 v2.17b AMS math features
\@mathmargin=\skip51

For additional information on amsmath, use the `?' option.

("C:\Users\Jaime\AppData\Local\Programs\MiKTeX 2.9\tex/latex/amsmath\amstext.st
y"
Package: amstext 2000/06/29 v2.01 AMS text

("C:\Users\Jaime\AppData\Local\Programs\MiKTeX 2.9\tex/latex/amsmath\amsgen.sty
"
File: amsgen.sty 1999/11/30 v2.0 generic functions
\@emptytoks=\toks32
\ex@=\dimen178
))
("C:\Users\Jaime\AppData\Local\Programs\MiKTeX 2.9\tex/latex/amsmath\amsbsy.sty
"
Package: amsbsy 1999/11/29 v1.2d Bold Symbols
\pmbraise@=\dimen179
)
("C:\Users\Jaime\AppData\Local\Programs\MiKTeX 2.9\tex/latex/amsmath\amsopn.sty
"
Package: amsopn 2016/03/08 v2.02 operator names
)
\inf@bad=\count144
LaTeX Info: Redefining \frac on input line 223.
\uproot@=\count145
\leftroot@=\count146
LaTeX Info: Redefining \overline on input line 385.
\classnum@=\count147
\DOTSCASE@=\count148
LaTeX Info: Redefining \ldots on input line 482.
LaTeX Info: Redefining \dots on input line 485.
LaTeX Info: Redefining \cdots on input line 606.
\Mathstrutbox@=\box52
\strutbox@=\box53
\big@size=\dimen180
LaTeX Font Info:    Redeclaring font encoding OML on input line 729.
LaTeX Font Info:    Redeclaring font encoding OMS on input line 730.
\macc@depth=\count149
\c@MaxMatrixCols=\count150
\dotsspace@=\muskip11
\c@parentequation=\count151
\dspbrk@lvl=\count152
\tag@help=\toks33
\row@=\count153
\column@=\count154
\maxfields@=\count155
\andhelp@=\toks34
\eqnshift@=\dimen181
\alignsep@=\dimen182
\tagshift@=\dimen183
\tagwidth@=\dimen184
\totwidth@=\dimen185
\lineht@=\dimen186
\@envbody=\toks35
\multlinegap=\skip52
\multlinetaggap=\skip53
\mathdisplay@stack=\toks36
LaTeX Info: Redefining \[ on input line 2844.
LaTeX Info: Redefining \] on input line 2845.
)
("C:\Users\Jaime\AppData\Local\Programs\MiKTeX 2.9\tex/latex/amscls\amsthm.sty"
Package: amsthm 2017/10/31 v2.20.4
\thm@style=\toks37
\thm@bodyfont=\toks38
\thm@headfont=\toks39
\thm@notefont=\toks40
\thm@headpunct=\toks41
\thm@preskip=\skip54
\thm@postskip=\skip55
\thm@headsep=\skip56
\dth@everypar=\toks42
)
\c@theorem=\count156
)
("C:\Users\Jaime\AppData\Local\Programs\MiKTeX 2.9\tex/latex/beamer\beamerbaset
hemes.sty"))
("C:\Users\Jaime\AppData\Local\Programs\MiKTeX 2.9\tex/latex/beamer\beamertheme
default.sty"
("C:\Users\Jaime\AppData\Local\Programs\MiKTeX 2.9\tex/latex/beamer\beamerfontt
hemedefault.sty")
("C:\Users\Jaime\AppData\Local\Programs\MiKTeX 2.9\tex/latex/beamer\beamercolor
themedefault.sty")
("C:\Users\Jaime\AppData\Local\Programs\MiKTeX 2.9\tex/latex/beamer\beamerinner
themedefault.sty"
! I can't write on file `JPoster_MathPsych.pdf'.
Please type another file name for output: H.df
\beamer@dima=\dimen187
\beamer@dimb=\dimen188
)
("C:\Users\Jaime\AppData\Local\Programs\MiKTeX 2.9\tex/latex/beamer\beamerouter
themedefault.sty"))) (beamerposter.sty
Package: 2008/03/11. v.1.07. beamerposter: latex-beamer poster extension
Package: beamerposter 2008/03/11. v.1.07. beamerposter: latex-beamer poster ext
ension

("C:\Users\Jaime\AppData\Local\Programs\MiKTeX 2.9\tex/latex/xkeyval\xkeyval.st
y"
Package: xkeyval 2014/12/03 v2.7a package option processing (HA)

("C:\Users\Jaime\AppData\Local\Programs\MiKTeX 2.9\tex/generic/xkeyval\xkeyval.
tex"
("C:\Users\Jaime\AppData\Local\Programs\MiKTeX 2.9\tex/generic/xkeyval\xkvutils
.tex"
\XKV@toks=\toks43
\XKV@tempa@toks=\toks44
)
\XKV@depth=\count157
File: xkeyval.tex 2014/12/03 v2.7a key=value parser (HA)
))
("C:\Users\Jaime\AppData\Local\Programs\MiKTeX 2.9\tex/latex/type1cm\type1cm.st
y"
Package: type1cm 2002/09/05 v0.04 BlueSky/Y&Y Type1 CM font definitions (DPC, p
atched RF)
)
beamerposter: checking size input, please wait.
beamerposter: the input a0\ 1\ was correct, we proceed.
beamerposter: finished size input check.
beamerposter: myfontscale=1.0
beamerposter: myfontscale=1.24
("C:\Users\Jaime\AppData\Local\Programs\MiKTeX 2.9\tex/latex/fp\fp.sty"
Package: fp 1995/04/02

`Fixed Point Package', Version 0.8, April 2, 1995 (C) Michael Mehlich
("C:\Users\Jaime\AppData\Local\Programs\MiKTeX 2.9\tex/latex/fp\defpattern.sty"
Package: defpattern 1994/10/12
\actioncount=\count158
) ("C:\Users\Jaime\AppData\Local\Programs\MiKTeX 2.9\tex/latex/fp\fp-basic.sty"
Package: fp-basic 1996/05/13
\FP@xs=\count159
\FP@xia=\count160
\FP@xib=\count161
\FP@xfa=\count162
\FP@xfb=\count163
\FP@rega=\count164
\FP@regb=\count165
\FP@regs=\count166
\FP@times=\count167
) ("C:\Users\Jaime\AppData\Local\Programs\MiKTeX 2.9\tex/latex/fp\fp-addons.sty
"
Package: fp-addons 1995/03/15
) ("C:\Users\Jaime\AppData\Local\Programs\MiKTeX 2.9\tex/latex/fp\fp-snap.sty"
Package: fp-snap 1995/04/05
) ("C:\Users\Jaime\AppData\Local\Programs\MiKTeX 2.9\tex/latex/fp\fp-exp.sty"
Package: fp-exp 1995/04/03
)
("C:\Users\Jaime\AppData\Local\Programs\MiKTeX 2.9\tex/latex/fp\fp-trigo.sty"
Package: fp-trigo 1995/04/14
)
("C:\Users\Jaime\AppData\Local\Programs\MiKTeX 2.9\tex/latex/fp\fp-pas.sty"
Package: fp-pas 1994/08/29
)
("C:\Users\Jaime\AppData\Local\Programs\MiKTeX 2.9\tex/latex/fp\fp-random.sty"
Package: fp-random 1995/02/23
\FPseed=\count168
) ("C:\Users\Jaime\AppData\Local\Programs\MiKTeX 2.9\tex/latex/fp\fp-eqn.sty"
Package: fp-eqn 1995/04/03
)
("C:\Users\Jaime\AppData\Local\Programs\MiKTeX 2.9\tex/latex/fp\fp-upn.sty"
Package: fp-upn 1996/10/21
)
("C:\Users\Jaime\AppData\Local\Programs\MiKTeX 2.9\tex/latex/fp\fp-eval.sty"
Package: fp-eval 1995/04/03
))
( FP-UPN ( FP-MUL ) ( FP-ROUND ) ) ( FP-UPN ( FP-MUL ) ( FP-ROUND ) ) ( FP-UPN
( FP-MUL ) ( FP-ROUND ) ) ( FP-UPN ( FP-MUL ) ( FP-ROUND ) ) ( FP-UPN ( FP-MUL
) ( FP-ROUND ) ) ( FP-UPN ( FP-MUL ) ( FP-ROUND ) ) ( FP-UPN ( FP-MUL )
( FP-ROUND ) ) ( FP-UPN ( FP-MUL ) ( FP-ROUND ) ) ( FP-UPN ( FP-MUL )
( FP-ROUND ) ) ( FP-UPN ( FP-MUL ) ( FP-ROUND ) ) ( FP-UPN ( FP-MUL )
( FP-ROUND ) ) ( FP-UPN ( FP-MUL ) ( FP-ROUND ) ) ( FP-UPN ( FP-MUL )
( FP-ROUND ) ) ( FP-UPN ( FP-MUL ) ( FP-ROUND ) ) ( FP-UPN ( FP-MUL )
( FP-ROUND ) ) ( FP-UPN ( FP-MUL ) ( FP-ROUND ) ) ( FP-UPN ( FP-MUL )
( FP-ROUND ) ) ( FP-UPN ( FP-MUL ) ( FP-ROUND ) ) ( FP-UPN ( FP-MUL )
( FP-ROUND ) ) ( FP-UPN ( FP-MUL ) ( FP-ROUND ) ) ( FP-UPN ( FP-MUL )
( FP-ROUND ) ) ( FP-UPN ( FP-MUL ) ( FP-ROUND ) ) ( FP-UPN ( FP-MUL )
( FP-ROUND ) ) ( FP-UPN ( FP-MUL ) ( FP-ROUND ) )) (beamerthemeconfposter.sty
Package: beamerthemeconfposter 

("C:\Users\Jaime\AppData\Local\Programs\MiKTeX 2.9\tex/latex/pgf/frontendlayer\
tikz.sty"
("C:\Users\Jaime\AppData\Local\Programs\MiKTeX 2.9\tex/latex/pgf/basiclayer\pgf
.sty"
Package: pgf 2019/05/09 v3.1.3 (3.1.3)

("C:\Users\Jaime\AppData\Local\Programs\MiKTeX 2.9\tex/generic/pgf/modules\pgfm
oduleshapes.code.tex"
File: pgfmoduleshapes.code.tex 2019/05/09 v3.1.3 (3.1.3)
\pgfnodeparttextbox=\box54
)
("C:\Users\Jaime\AppData\Local\Programs\MiKTeX 2.9\tex/generic/pgf/modules\pgfm
oduleplot.code.tex"
File: pgfmoduleplot.code.tex 2019/05/09 v3.1.3 (3.1.3)
)
("C:\Users\Jaime\AppData\Local\Programs\MiKTeX 2.9\tex/latex/pgf/compatibility\
pgfcomp-version-0-65.sty"
Package: pgfcomp-version-0-65 2019/05/09 v3.1.3 (3.1.3)
\pgf@nodesepstart=\dimen189
\pgf@nodesepend=\dimen190
)
("C:\Users\Jaime\AppData\Local\Programs\MiKTeX 2.9\tex/latex/pgf/compatibility\
pgfcomp-version-1-18.sty"
Package: pgfcomp-version-1-18 2019/05/09 v3.1.3 (3.1.3)
))
("C:\Users\Jaime\AppData\Local\Programs\MiKTeX 2.9\tex/latex/pgf/utilities\pgff
or.sty"
("C:\Users\Jaime\AppData\Local\Programs\MiKTeX 2.9\tex/latex/pgf/utilities\pgfk
eys.sty"
("C:\Users\Jaime\AppData\Local\Programs\MiKTeX 2.9\tex/generic/pgf/utilities\pg
fkeys.code.tex"))
("C:\Users\Jaime\AppData\Local\Programs\MiKTeX 2.9\tex/latex/pgf/math\pgfmath.s
ty"
("C:\Users\Jaime\AppData\Local\Programs\MiKTeX 2.9\tex/generic/pgf/math\pgfmath
.code.tex"))
("C:\Users\Jaime\AppData\Local\Programs\MiKTeX 2.9\tex/generic/pgf/utilities\pg
ffor.code.tex"
Package: pgffor 2019/05/09 v3.1.3 (3.1.3)

("C:\Users\Jaime\AppData\Local\Programs\MiKTeX 2.9\tex/generic/pgf/math\pgfmath
.code.tex")
\pgffor@iter=\dimen191
\pgffor@skip=\dimen192
\pgffor@stack=\toks45
\pgffor@toks=\toks46
))
("C:\Users\Jaime\AppData\Local\Programs\MiKTeX 2.9\tex/generic/pgf/frontendlaye
r/tikz\tikz.code.tex"
Package: tikz 2019/05/09 v3.1.3 (3.1.3)

("C:\Users\Jaime\AppData\Local\Programs\MiKTeX 2.9\tex/generic/pgf/libraries\pg
flibraryplothandlers.code.tex"
File: pgflibraryplothandlers.code.tex 2019/05/09 v3.1.3 (3.1.3)
\pgf@plot@mark@count=\count169
\pgfplotmarksize=\dimen193
)
\tikz@lastx=\dimen194
\tikz@lasty=\dimen195
\tikz@lastxsaved=\dimen196
\tikz@lastysaved=\dimen197
\tikzleveldistance=\dimen198
\tikzsiblingdistance=\dimen199
\tikz@figbox=\box55
\tikz@figbox@bg=\box56
\tikz@tempbox=\box57
\tikz@tempbox@bg=\box58
\tikztreelevel=\count170
\tikznumberofchildren=\count171
\tikznumberofcurrentchild=\count172
\tikz@fig@count=\count173

("C:\Users\Jaime\AppData\Local\Programs\MiKTeX 2.9\tex/generic/pgf/modules\pgfm
odulematrix.code.tex"
File: pgfmodulematrix.code.tex 2019/05/09 v3.1.3 (3.1.3)
\pgfmatrixcurrentrow=\count174
\pgfmatrixcurrentcolumn=\count175
\pgf@matrix@numberofcolumns=\count176
)
\tikz@expandcount=\count177

("C:\Users\Jaime\AppData\Local\Programs\MiKTeX 2.9\tex/generic/pgf/frontendlaye
r/tikz/libraries\tikzlibrarytopaths.code.tex"
File: tikzlibrarytopaths.code.tex 2019/05/09 v3.1.3 (3.1.3)
)))
("C:\Users\Jaime\AppData\Local\Programs\MiKTeX 2.9\tex/generic/pgf/frontendlaye
r/tikz/libraries\tikzlibraryarrows.code.tex"
File: tikzlibraryarrows.code.tex 2019/05/09 v3.1.3 (3.1.3)

("C:\Users\Jaime\AppData\Local\Programs\MiKTeX 2.9\tex/generic/pgf/libraries\pg
flibraryarrows.code.tex"
File: pgflibraryarrows.code.tex 2019/05/09 v3.1.3 (3.1.3)
\arrowsize=\dimen256
))
("C:\Users\Jaime\AppData\Local\Programs\MiKTeX 2.9\tex/generic/pgf/frontendlaye
r/tikz/libraries\tikzlibrarybackgrounds.code.tex"
File: tikzlibrarybackgrounds.code.tex 2019/05/09 v3.1.3 (3.1.3)
\pgf@layerbox@background=\box59
\pgf@layerboxsaved@background=\box60
)
("C:\Users\Jaime\AppData\Local\Programs\MiKTeX 2.9\tex/latex/base\fontenc.sty"
Package: fontenc 2018/08/11 v2.0j Standard LaTeX package

("C:\Users\Jaime\AppData\Local\Programs\MiKTeX 2.9\tex/latex/base\t1enc.def"
File: t1enc.def 2018/08/11 v2.0j Standard LaTeX file
LaTeX Font Info:    Redeclaring font encoding T1 on input line 48.
))
("C:\Users\Jaime\AppData\Local\Programs\MiKTeX 2.9\tex/latex/lm\lmodern.sty"
Package: lmodern 2009/10/30 v1.6 Latin Modern Fonts
LaTeX Font Info:    Overwriting symbol font `operators' in version `normal'
(Font)                  OT1/cmr/m/n --> OT1/lmr/m/n on input line 22.
LaTeX Font Info:    Overwriting symbol font `letters' in version `normal'
(Font)                  OML/cmm/m/it --> OML/lmm/m/it on input line 23.
LaTeX Font Info:    Overwriting symbol font `symbols' in version `normal'
(Font)                  OMS/cmsy/m/n --> OMS/lmsy/m/n on input line 24.
LaTeX Font Info:    Overwriting symbol font `largesymbols' in version `normal'
(Font)                  OMX/cmex/m/n --> OMX/lmex/m/n on input line 25.
LaTeX Font Info:    Overwriting symbol font `operators' in version `bold'
(Font)                  OT1/cmr/bx/n --> OT1/lmr/bx/n on input line 26.
LaTeX Font Info:    Overwriting symbol font `letters' in version `bold'
(Font)                  OML/cmm/b/it --> OML/lmm/b/it on input line 27.
LaTeX Font Info:    Overwriting symbol font `symbols' in version `bold'
(Font)                  OMS/cmsy/b/n --> OMS/lmsy/b/n on input line 28.
LaTeX Font Info:    Overwriting symbol font `largesymbols' in version `bold'
(Font)                  OMX/cmex/m/n --> OMX/lmex/m/n on input line 29.
LaTeX Font Info:    Overwriting math alphabet `\mathbf' in version `normal'
(Font)                  OT1/cmr/bx/n --> OT1/lmr/bx/n on input line 31.
LaTeX Font Info:    Overwriting math alphabet `\mathsf' in version `normal'
(Font)                  OT1/cmss/m/n --> OT1/lmss/m/n on input line 32.
LaTeX Font Info:    Overwriting math alphabet `\mathit' in version `normal'
(Font)                  OT1/cmr/m/it --> OT1/lmr/m/it on input line 33.
LaTeX Font Info:    Overwriting math alphabet `\mathtt' in version `normal'
(Font)                  OT1/cmtt/m/n --> OT1/lmtt/m/n on input line 34.
LaTeX Font Info:    Overwriting math alphabet `\mathbf' in version `bold'
(Font)                  OT1/cmr/bx/n --> OT1/lmr/bx/n on input line 35.
LaTeX Font Info:    Overwriting math alphabet `\mathsf' in version `bold'
(Font)                  OT1/cmss/bx/n --> OT1/lmss/bx/n on input line 36.
LaTeX Font Info:    Overwriting math alphabet `\mathit' in version `bold'
(Font)                  OT1/cmr/bx/it --> OT1/lmr/bx/it on input line 37.
LaTeX Font Info:    Overwriting math alphabet `\mathtt' in version `bold'
(Font)                  OT1/cmtt/m/n --> OT1/lmtt/m/n on input line 38.
)
("C:\Users\Jaime\AppData\Local\Programs\MiKTeX 2.9\tex/latex/base\textcomp.sty"
Package: textcomp 2018/08/11 v2.0j Standard LaTeX package
Package textcomp Info: Sub-encoding information:
(textcomp)               5 = only ISO-Adobe without \textcurrency
(textcomp)               4 = 5 + \texteuro
(textcomp)               3 = 4 + \textohm
(textcomp)               2 = 3 + \textestimated + \textcurrency
(textcomp)               1 = TS1 - \textcircled - \t
(textcomp)               0 = TS1 (full)
(textcomp)             Font families with sub-encoding setting implement
(textcomp)             only a restricted character set as indicated.
(textcomp)             Family '?' is the default used for unknown fonts.
(textcomp)             See the documentation for details.
Package textcomp Info: Setting ? sub-encoding to TS1/1 on input line 79.
("C:\Users\Jaime\AppData\Local\Programs\MiKTeX 2.9\tex/latex/base\ts1enc.def"
File: ts1enc.def 2001/06/05 v3.0e (jk/car/fm) Standard LaTeX file
Now handling font encoding TS1 ...
... processing UTF-8 mapping file for font encoding TS1

("C:\Users\Jaime\AppData\Local\Programs\MiKTeX 2.9\tex/latex/base\ts1enc.dfu"
File: ts1enc.dfu 2018/10/05 v1.2f UTF-8 support for inputenc
   defining Unicode char U+00A2 (decimal 162)
   defining Unicode char U+00A3 (decimal 163)
   defining Unicode char U+00A4 (decimal 164)
   defining Unicode char U+00A5 (decimal 165)
   defining Unicode char U+00A6 (decimal 166)
   defining Unicode char U+00A7 (decimal 167)
   defining Unicode char U+00A8 (decimal 168)
   defining Unicode char U+00A9 (decimal 169)
   defining Unicode char U+00AA (decimal 170)
   defining Unicode char U+00AC (decimal 172)
   defining Unicode char U+00AE (decimal 174)
   defining Unicode char U+00AF (decimal 175)
   defining Unicode char U+00B0 (decimal 176)
   defining Unicode char U+00B1 (decimal 177)
   defining Unicode char U+00B2 (decimal 178)
   defining Unicode char U+00B3 (decimal 179)
   defining Unicode char U+00B4 (decimal 180)
   defining Unicode char U+00B5 (decimal 181)
   defining Unicode char U+00B6 (decimal 182)
   defining Unicode char U+00B7 (decimal 183)
   defining Unicode char U+00B9 (decimal 185)
   defining Unicode char U+00BA (decimal 186)
   defining Unicode char U+00BC (decimal 188)
   defining Unicode char U+00BD (decimal 189)
   defining Unicode char U+00BE (decimal 190)
   defining Unicode char U+00D7 (decimal 215)
   defining Unicode char U+00F7 (decimal 247)
   defining Unicode char U+0192 (decimal 402)
   defining Unicode char U+02C7 (decimal 711)
   defining Unicode char U+02D8 (decimal 728)
   defining Unicode char U+02DD (decimal 733)
   defining Unicode char U+0E3F (decimal 3647)
   defining Unicode char U+2016 (decimal 8214)
   defining Unicode char U+2020 (decimal 8224)
   defining Unicode char U+2021 (decimal 8225)
   defining Unicode char U+2022 (decimal 8226)
   defining Unicode char U+2030 (decimal 8240)
   defining Unicode char U+2031 (decimal 8241)
   defining Unicode char U+203B (decimal 8251)
   defining Unicode char U+203D (decimal 8253)
   defining Unicode char U+2044 (decimal 8260)
   defining Unicode char U+204E (decimal 8270)
   defining Unicode char U+2052 (decimal 8274)
   defining Unicode char U+20A1 (decimal 8353)
   defining Unicode char U+20A4 (decimal 8356)
   defining Unicode char U+20A6 (decimal 8358)
   defining Unicode char U+20A9 (decimal 8361)
   defining Unicode char U+20AB (decimal 8363)
   defining Unicode char U+20AC (decimal 8364)
   defining Unicode char U+20B1 (decimal 8369)
   defining Unicode char U+2103 (decimal 8451)
   defining Unicode char U+2116 (decimal 8470)
   defining Unicode char U+2117 (decimal 8471)
   defining Unicode char U+211E (decimal 8478)
   defining Unicode char U+2120 (decimal 8480)
   defining Unicode char U+2122 (decimal 8482)
   defining Unicode char U+2126 (decimal 8486)
   defining Unicode char U+2127 (decimal 8487)
   defining Unicode char U+212E (decimal 8494)
   defining Unicode char U+2190 (decimal 8592)
   defining Unicode char U+2191 (decimal 8593)
   defining Unicode char U+2192 (decimal 8594)
   defining Unicode char U+2193 (decimal 8595)
   defining Unicode char U+2329 (decimal 9001)
   defining Unicode char U+232A (decimal 9002)
   defining Unicode char U+2422 (decimal 9250)
   defining Unicode char U+25E6 (decimal 9702)
   defining Unicode char U+25EF (decimal 9711)
   defining Unicode char U+266A (decimal 9834)
   defining Unicode char U+FEFF (decimal 65279)
))
LaTeX Info: Redefining \oldstylenums on input line 334.
Package textcomp Info: Setting cmr sub-encoding to TS1/0 on input line 349.
Package textcomp Info: Setting cmss sub-encoding to TS1/0 on input line 350.
Package textcomp Info: Setting cmtt sub-encoding to TS1/0 on input line 351.
Package textcomp Info: Setting cmvtt sub-encoding to TS1/0 on input line 352.
Package textcomp Info: Setting cmbr sub-encoding to TS1/0 on input line 353.
Package textcomp Info: Setting cmtl sub-encoding to TS1/0 on input line 354.
Package textcomp Info: Setting ccr sub-encoding to TS1/0 on input line 355.
Package textcomp Info: Setting ptm sub-encoding to TS1/4 on input line 356.
Package textcomp Info: Setting pcr sub-encoding to TS1/4 on input line 357.
Package textcomp Info: Setting phv sub-encoding to TS1/4 on input line 358.
Package textcomp Info: Setting ppl sub-encoding to TS1/3 on input line 359.
Package textcomp Info: Setting pag sub-encoding to TS1/4 on input line 360.
Package textcomp Info: Setting pbk sub-encoding to TS1/4 on input line 361.
Package textcomp Info: Setting pnc sub-encoding to TS1/4 on input line 362.
Package textcomp Info: Setting pzc sub-encoding to TS1/4 on input line 363.
Package textcomp Info: Setting bch sub-encoding to TS1/4 on input line 364.
Package textcomp Info: Setting put sub-encoding to TS1/5 on input line 365.
Package textcomp Info: Setting uag sub-encoding to TS1/5 on input line 366.
Package textcomp Info: Setting ugq sub-encoding to TS1/5 on input line 367.
Package textcomp Info: Setting ul8 sub-encoding to TS1/4 on input line 368.
Package textcomp Info: Setting ul9 sub-encoding to TS1/4 on input line 369.
Package textcomp Info: Setting augie sub-encoding to TS1/5 on input line 370.
Package textcomp Info: Setting dayrom sub-encoding to TS1/3 on input line 371.
Package textcomp Info: Setting dayroms sub-encoding to TS1/3 on input line 372.

Package textcomp Info: Setting pxr sub-encoding to TS1/0 on input line 373.
Package textcomp Info: Setting pxss sub-encoding to TS1/0 on input line 374.
Package textcomp Info: Setting pxtt sub-encoding to TS1/0 on input line 375.
Package textcomp Info: Setting txr sub-encoding to TS1/0 on input line 376.
Package textcomp Info: Setting txss sub-encoding to TS1/0 on input line 377.
Package textcomp Info: Setting txtt sub-encoding to TS1/0 on input line 378.
Package textcomp Info: Setting lmr sub-encoding to TS1/0 on input line 379.
Package textcomp Info: Setting lmdh sub-encoding to TS1/0 on input line 380.
Package textcomp Info: Setting lmss sub-encoding to TS1/0 on input line 381.
Package textcomp Info: Setting lmssq sub-encoding to TS1/0 on input line 382.
Package textcomp Info: Setting lmvtt sub-encoding to TS1/0 on input line 383.
Package textcomp Info: Setting lmtt sub-encoding to TS1/0 on input line 384.
Package textcomp Info: Setting qhv sub-encoding to TS1/0 on input line 385.
Package textcomp Info: Setting qag sub-encoding to TS1/0 on input line 386.
Package textcomp Info: Setting qbk sub-encoding to TS1/0 on input line 387.
Package textcomp Info: Setting qcr sub-encoding to TS1/0 on input line 388.
Package textcomp Info: Setting qcs sub-encoding to TS1/0 on input line 389.
Package textcomp Info: Setting qpl sub-encoding to TS1/0 on input line 390.
Package textcomp Info: Setting qtm sub-encoding to TS1/0 on input line 391.
Package textcomp Info: Setting qzc sub-encoding to TS1/0 on input line 392.
Package textcomp Info: Setting qhvc sub-encoding to TS1/0 on input line 393.
Package textcomp Info: Setting futs sub-encoding to TS1/4 on input line 394.
Package textcomp Info: Setting futx sub-encoding to TS1/4 on input line 395.
Package textcomp Info: Setting futj sub-encoding to TS1/4 on input line 396.
Package textcomp Info: Setting hlh sub-encoding to TS1/3 on input line 397.
Package textcomp Info: Setting hls sub-encoding to TS1/3 on input line 398.
Package textcomp Info: Setting hlst sub-encoding to TS1/3 on input line 399.
Package textcomp Info: Setting hlct sub-encoding to TS1/5 on input line 400.
Package textcomp Info: Setting hlx sub-encoding to TS1/5 on input line 401.
Package textcomp Info: Setting hlce sub-encoding to TS1/5 on input line 402.
Package textcomp Info: Setting hlcn sub-encoding to TS1/5 on input line 403.
Package textcomp Info: Setting hlcw sub-encoding to TS1/5 on input line 404.
Package textcomp Info: Setting hlcf sub-encoding to TS1/5 on input line 405.
Package textcomp Info: Setting pplx sub-encoding to TS1/3 on input line 406.
Package textcomp Info: Setting pplj sub-encoding to TS1/3 on input line 407.
Package textcomp Info: Setting ptmx sub-encoding to TS1/4 on input line 408.
Package textcomp Info: Setting ptmj sub-encoding to TS1/4 on input line 409.
)
("C:\Users\Jaime\AppData\Local\Programs\MiKTeX 2.9\tex/latex/beamer\beamerfontt
hemeprofessionalfonts.sty")
("C:\Users\Jaime\AppData\Local\Programs\MiKTeX 2.9\tex/latex/ms\ragged2e.sty"
Package: ragged2e 2009/05/21 v2.1 ragged2e Package (MS)

("C:\Users\Jaime\AppData\Local\Programs\MiKTeX 2.9\tex/latex/ms\everysel.sty"
Package: everysel 2011/10/28 v1.2 EverySelectfont Package (MS)
)
\CenteringLeftskip=\skip57
\RaggedLeftLeftskip=\skip58
\RaggedRightLeftskip=\skip59
\CenteringRightskip=\skip60
\RaggedLeftRightskip=\skip61
\RaggedRightRightskip=\skip62
\CenteringParfillskip=\skip63
\RaggedLeftParfillskip=\skip64
\RaggedRightParfillskip=\skip65
\JustifyingParfillskip=\skip66
\CenteringParindent=\skip67
\RaggedLeftParindent=\skip68
\RaggedRightParindent=\skip69
\JustifyingParindent=\skip70
)
\inboxwd=\skip71
\iinboxwd=\skip72
\inboxrule=\skip73
) ("C:\Users\Jaime\AppData\Local\Programs\MiKTeX 2.9\tex/latex/base\exscale.sty
"
Package: exscale 2018/09/24 v2.1i Standard LaTeX package exscale
LaTeX Font Info:    Redeclaring symbol font `largesymbols' on input line 57.
LaTeX Font Info:    Overwriting symbol font `largesymbols' in version `normal'
(Font)                  OMX/lmex/m/n --> OMX/cmex/m/n on input line 57.
LaTeX Font Info:    Overwriting symbol font `largesymbols' in version `bold'
(Font)                  OMX/lmex/m/n --> OMX/cmex/m/n on input line 57.
\big@size=\dimen257
)
\sepwid=\skip74
\onecolwid=\skip75
\twocolwid=\skip76
\threecolwid=\skip77

("C:\Users\Jaime\AppData\Local\Programs\MiKTeX 2.9\tex/latex/base\inputenc.sty"
Package: inputenc 2018/08/11 v1.3c Input encoding file
\inpenc@prehook=\toks47
\inpenc@posthook=\toks48
) ("C:\Users\Jaime\AppData\Local\Programs\MiKTeX 2.9\tex/generic/babel\babel.st
y"
Package: babel 2019/06/03 3.32 The Babel package

("C:\Users\Jaime\AppData\Local\Programs\MiKTeX 2.9\tex/generic/babel\switch.def
"
File: switch.def 2019/06/03 3.32 Babel switching mechanism
)
*************************************
* Local config file bblopts.cfg used
*
("C:\Users\Jaime\AppData\Local\Programs\MiKTeX 2.9\tex/latex/arabi\bblopts.cfg"
File: bblopts.cfg 2005/09/08 v0.1 add Arabic and Farsi to "declared" options of
 babel
)
("C:\Users\Jaime\AppData\Local\Programs\MiKTeX 2.9\tex/latex/babel-portuges\por
tuges.ldf"
Language: portuges 2008/03/18 v1.2q Portuguese support from the babel system

("C:\Users\Jaime\AppData\Local\Programs\MiKTeX 2.9\tex/generic/babel\babel.def"
File: babel.def 2019/06/03 3.32 Babel common definitions
\babel@savecnt=\count178
\U@D=\dimen258

("C:\Users\Jaime\AppData\Local\Programs\MiKTeX 2.9\tex/generic/babel\txtbabel.d
ef")
LaTeX Info: Redefining \textlatin on input line 2103.
\bbl@dirlevel=\count179
)
Package babel Info: Making " an active character on input line 145.
)
("C:\Users\Jaime\AppData\Local\Programs\MiKTeX 2.9\tex/latex/babel-portuges\por
tuges.ldf"
Language: portuges 2008/03/18 v1.2q Portuguese support from the babel system
\l@brazil = a dialect from \language\l@portuges 
))
("C:\Users\Jaime\AppData\Local\Programs\MiKTeX 2.9\tex/latex/booktabs\booktabs.
sty"
Package: booktabs 2005/04/14 v1.61803 publication quality tables
\heavyrulewidth=\dimen259
\lightrulewidth=\dimen260
\cmidrulewidth=\dimen261
\belowrulesep=\dimen262
\belowbottomsep=\dimen263
\aboverulesep=\dimen264
\abovetopsep=\dimen265
\cmidrulesep=\dimen266
\cmidrulekern=\dimen267
\defaultaddspace=\dimen268
\@cmidla=\count180
\@cmidlb=\count181
\@aboverulesep=\dimen269
\@belowrulesep=\dimen270
\@thisruleclass=\count182
\@lastruleclass=\count183
\@thisrulewidth=\dimen271
) (JPoster_MathPsych.aux)
\openout1 = `JPoster_MathPsych.aux'.

LaTeX Font Info:    Checking defaults for OML/cmm/m/it on input line 72.
LaTeX Font Info:    ... okay on input line 72.
LaTeX Font Info:    Checking defaults for T1/cmr/m/n on input line 72.
LaTeX Font Info:    ... okay on input line 72.
LaTeX Font Info:    Checking defaults for OT1/cmr/m/n on input line 72.
LaTeX Font Info:    ... okay on input line 72.
LaTeX Font Info:    Checking defaults for OMS/cmsy/m/n on input line 72.
LaTeX Font Info:    ... okay on input line 72.
LaTeX Font Info:    Checking defaults for OMX/cmex/m/n on input line 72.
LaTeX Font Info:    ... okay on input line 72.
LaTeX Font Info:    Checking defaults for U/cmr/m/n on input line 72.
LaTeX Font Info:    ... okay on input line 72.
LaTeX Font Info:    Checking defaults for PD1/pdf/m/n on input line 72.
LaTeX Font Info:    ... okay on input line 72.
LaTeX Font Info:    Checking defaults for TS1/cmr/m/n on input line 72.
LaTeX Font Info:    Try loading font information for TS1+cmr on input line 72.

("C:\Users\Jaime\AppData\Local\Programs\MiKTeX 2.9\tex/latex/base\ts1cmr.fd"
File: ts1cmr.fd 2014/09/29 v2.5h Standard LaTeX font definitions
)
LaTeX Font Info:    ... okay on input line 72.
LaTeX Font Info:    Try loading font information for T1+lmss on input line 72.

("C:\Users\Jaime\AppData\Local\Programs\MiKTeX 2.9\tex/latex/lm\t1lmss.fd"
File: t1lmss.fd 2009/10/30 v1.6 Font defs for Latin Modern
)
*geometry* driver: auto-detecting
*geometry* detected driver: pdftex
*geometry* verbose mode - [ preamble ] result:
* driver: pdftex
* paper: custom
* layout: <same size as paper>
* layoutoffset:(h,v)=(0.0pt,0.0pt)
* modes: includehead includefoot 
* h-part:(L,W,R)=(28.45274pt, 3323.85117pt, 28.45274pt)
* v-part:(T,H,B)=(0.0pt, 2388.89357pt, 0.0pt)
* \paperwidth=3468.95999pt
* \paperheight=2601.71999pt
* \textwidth=3323.85117pt
* \textheight=2360.44084pt
* \oddsidemargin=-43.81725pt
* \evensidemargin=-43.81725pt
* \topmargin=0.0pt
* \headheight=14.22636pt
* \headsep=0.0pt
* \topskip=11.0pt
* \footskip=14.22636pt
* \marginparwidth=4.0pt
* \marginparsep=10.0pt
* \columnsep=10.0pt
* \skip\footins=10.0pt plus 4.0pt minus 2.0pt
* \hoffset=0.0pt
* \voffset=0.0pt
* \mag=1000
* \@twocolumnfalse
* \@twosidefalse
* \@mparswitchfalse
* \@reversemarginfalse
* (1in=72.27pt=25.4mm, 1cm=28.453pt)


("C:\Users\Jaime\AppData\Local\Programs\MiKTeX 2.9\tex/context/base/mkii\supp-p
df.mkii"
[Loading MPS to PDF converter (version 2006.09.02).]
\scratchcounter=\count184
\scratchdimen=\dimen272
\scratchbox=\box61
\nofMPsegments=\count185
\nofMParguments=\count186
\everyMPshowfont=\toks49
\MPscratchCnt=\count187
\MPscratchDim=\dimen273
\MPnumerator=\count188
\makeMPintoPDFobject=\count189
\everyMPtoPDFconversion=\toks50
)
("C:\Users\Jaime\AppData\Local\Programs\MiKTeX 2.9\tex/latex/oberdiek\epstopdf-
base.sty"
Package: epstopdf-base 2016/05/15 v2.6 Base part for package epstopdf

("C:\Users\Jaime\AppData\Local\Programs\MiKTeX 2.9\tex/latex/oberdiek\grfext.st
y"
Package: grfext 2016/05/16 v1.2 Manage graphics extensions (HO)
)
Package epstopdf-base Info: Redefining graphics rule for `.eps' on input line 4
38.
Package grfext Info: Graphics extension search list:
(grfext)             [.pdf,.png,.jpg,.mps,.jpeg,.jbig2,.jb2,.PDF,.PNG,.JPG,.JPE
G,.JBIG2,.JB2,.eps]
(grfext)             \AppendGraphicsExtensions on input line 456.
) ABD: EveryShipout initializing macros
\AtBeginShipoutBox=\box62
Package hyperref Info: Link coloring OFF on input line 72.

("C:\Users\Jaime\AppData\Local\Programs\MiKTeX 2.9\tex/latex/hyperref\nameref.s
ty"
Package: nameref 2016/05/21 v2.44 Cross-referencing by name of section

("C:\Users\Jaime\AppData\Local\Programs\MiKTeX 2.9\tex/generic/oberdiek\gettitl
estring.sty"
Package: gettitlestring 2016/05/16 v1.5 Cleanup title references (HO)
)
\c@section@level=\count190
)
LaTeX Info: Redefining \ref on input line 72.
LaTeX Info: Redefining \pageref on input line 72.
LaTeX Info: Redefining \nameref on input line 72.
 (JPoster_MathPsych.out) (JPoster_MathPsych.out)
\@outlinefile=\write5
\openout5 = `JPoster_MathPsych.out'.


("C:\Users\Jaime\AppData\Local\Programs\MiKTeX 2.9\tex/latex/translator\transla
tor-basic-dictionary-English.dict"
Dictionary: translator-basic-dictionary, Language: English 
)
("C:\Users\Jaime\AppData\Local\Programs\MiKTeX 2.9\tex/latex/translator\transla
tor-bibliography-dictionary-English.dict"
Dictionary: translator-bibliography-dictionary, Language: English 
)
("C:\Users\Jaime\AppData\Local\Programs\MiKTeX 2.9\tex/latex/translator\transla
tor-environment-dictionary-English.dict"
Dictionary: translator-environment-dictionary, Language: English 
)
("C:\Users\Jaime\AppData\Local\Programs\MiKTeX 2.9\tex/latex/translator\transla
tor-months-dictionary-English.dict"
Dictionary: translator-months-dictionary, Language: English 
)
("C:\Users\Jaime\AppData\Local\Programs\MiKTeX 2.9\tex/latex/translator\transla
tor-numbers-dictionary-English.dict"
Dictionary: translator-numbers-dictionary, Language: English 
)
("C:\Users\Jaime\AppData\Local\Programs\MiKTeX 2.9\tex/latex/translator\transla
tor-theorem-dictionary-English.dict"
Dictionary: translator-theorem-dictionary, Language: English 
) ABD: EverySelectfont initializing macros
LaTeX Info: Redefining \selectfont on input line 72.

(JPoster_MathPsych.nav)
LaTeX Font Info:    Calculating math sizes for size <17.86> on input line 72.
LaTeX Font Info:    Try loading font information for OT1+lmr on input line 72.

("C:\Users\Jaime\AppData\Local\Programs\MiKTeX 2.9\tex/latex/lm\ot1lmr.fd"
File: ot1lmr.fd 2009/10/30 v1.6 Font defs for Latin Modern
)
LaTeX Font Info:    Try loading font information for OML+lmm on input line 72.

("C:\Users\Jaime\AppData\Local\Programs\MiKTeX 2.9\tex/latex/lm\omllmm.fd"
File: omllmm.fd 2009/10/30 v1.6 Font defs for Latin Modern
)
LaTeX Font Info:    Try loading font information for OMS+lmsy on input line 72.


("C:\Users\Jaime\AppData\Local\Programs\MiKTeX 2.9\tex/latex/lm\omslmsy.fd"
File: omslmsy.fd 2009/10/30 v1.6 Font defs for Latin Modern
)

LaTeX Font Warning: Font shape `OMX/cmex/m/n' in size <17.86> not available
(Font)              size <17.28> substituted on input line 72.


LaTeX Font Warning: Font shape `OMX/cmex/m/n' in size <12.50194> not available
(Font)              size <12> substituted on input line 72.

<Figures/UNAMiwi.png, id=12, 85.2786pt x 99.2508pt>
File: Figures/UNAMiwi.png Graphic file (type png)
<use Figures/UNAMiwi.png>
Package pdftex.def Info: Figures/UNAMiwi.png  used on input line 413.
(pdftex.def)             Requested size: 241.84842pt x 281.51526pt.
<Figures/Lab25.png, id=14, 532.23843pt x 434.37282pt>
File: Figures/Lab25.png Graphic file (type png)
<use Figures/Lab25.png>
Package pdftex.def Info: Figures/Lab25.png  used on input line 413.
(pdftex.def)             Requested size: 383.51997pt x 312.9803pt.
LaTeX Font Info:    Try loading font information for T1+lmr on input line 413.
("C:\Users\Jaime\AppData\Local\Programs\MiKTeX 2.9\tex/latex/lm\t1lmr.fd"
File: t1lmr.fd 2009/10/30 v1.6 Font defs for Latin Modern
)
LaTeX Font Info:    Calculating math sizes for size <28.35> on input line 413.


LaTeX Font Warning: Font shape `OMX/cmex/m/n' in size <28.35> not available
(Font)              size <24.88> substituted on input line 413.


LaTeX Font Warning: Font shape `OMX/cmex/m/n' in size <19.84491> not available
(Font)              size <20.74> substituted on input line 413.

<Figures/MirrorEffect.png, id=15, 531.48563pt x 252.945pt>
File: Figures/MirrorEffect.png Graphic file (type png)
<use Figures/MirrorEffect.png>
Package pdftex.def Info: Figures/MirrorEffect.png  used on input line 413.
(pdftex.def)             Requested size: 315.95131pt x 150.37099pt.
LaTeX Font Info:    Calculating math sizes for size <30.85> on input line 413.

LaTeX Font Warning: Font shape `OMX/cmex/m/n' in size <30.85> not available
(Font)              size <24.88> substituted on input line 413.


LaTeX Font Warning: Font shape `OMX/cmex/m/n' in size <21.59491> not available
(Font)              size <20.74> substituted on input line 413.


LaTeX Font Warning: Font shape `OMX/cmex/m/n' in size <15.425> not available
(Font)              size <14.4> substituted on input line 413.

<Figures/MainTask3.png, id=16, 652.68843pt x 338.01282pt>
File: Figures/MainTask3.png Graphic file (type png)
<use Figures/MainTask3.png>
Package pdftex.def Info: Figures/MainTask3.png  used on input line 413.
(pdftex.def)             Requested size: 268.80128pt x 139.21022pt.
<Figures/0_HierarchicalSDT.pdf, id=17, 758.835pt x 505.89pt>
File: Figures/0_HierarchicalSDT.pdf Graphic file (type pdf)
<use Figures/0_HierarchicalSDT.pdf>
Package pdftex.def Info: Figures/0_HierarchicalSDT.pdf  used on input line 413.

(pdftex.def)             Requested size: 499.18898pt x 332.8pt.
<Figures/0-Exp1.pdf, id=18, 781.92125pt x 508.90125pt>
File: Figures/0-Exp1.pdf Graphic file (type pdf)
<use Figures/0-Exp1.pdf>
Package pdftex.def Info: Figures/0-Exp1.pdf  used on input line 413.
(pdftex.def)             Requested size: 360.95636pt x 234.92052pt.
<Figures/0-Exp2.pdf, id=19, 781.92125pt x 508.90125pt>
File: Figures/0-Exp2.pdf Graphic file (type pdf)
<use Figures/0-Exp2.pdf>
Package pdftex.def Info: Figures/0-Exp2.pdf  used on input line 413.
(pdftex.def)             Requested size: 360.95636pt x 234.92052pt.
<Figures/1_DiffD.pdf, id=20, 758.835pt x 505.89pt>
File: Figures/1_DiffD.pdf Graphic file (type pdf)
<use Figures/1_DiffD.pdf>
Package pdftex.def Info: Figures/1_DiffD.pdf  used on input line 413.
(pdftex.def)             Requested size: 537.59085pt x 358.39703pt.
<Figures/1-Exp1_1.pdf, id=21, 781.92125pt x 508.90125pt>
File: Figures/1-Exp1_1.pdf Graphic file (type pdf)
<use Figures/1-Exp1_1.pdf>
Package pdftex.def Info: Figures/1-Exp1_1.pdf  used on input line 413.
(pdftex.def)             Requested size: 383.99513pt x 249.91512pt.
<Figures/1-Exp1_2.pdf, id=22, 781.92125pt x 508.90125pt>
File: Figures/1-Exp1_2.pdf Graphic file (type pdf)
<use Figures/1-Exp1_2.pdf>
Package pdftex.def Info: Figures/1-Exp1_2.pdf  used on input line 413.
(pdftex.def)             Requested size: 345.59328pt x 224.92671pt.
<Figures/1-Exp2_1.pdf, id=23, 781.92125pt x 508.90125pt>
File: Figures/1-Exp2_1.pdf Graphic file (type pdf)
<use Figures/1-Exp2_1.pdf>
Package pdftex.def Info: Figures/1-Exp2_1.pdf  used on input line 413.
(pdftex.def)             Requested size: 383.99513pt x 249.91512pt.
<Figures/1-Exp2_2.pdf, id=24, 781.92125pt x 508.90125pt>
File: Figures/1-Exp2_2.pdf Graphic file (type pdf)
<use Figures/1-Exp2_2.pdf>
Package pdftex.def Info: Figures/1-Exp2_2.pdf  used on input line 413.
(pdftex.def)             Requested size: 345.59328pt x 224.92671pt.
<Figures/3_Taus.pdf, id=25, 758.835pt x 505.89pt>
File: Figures/3_Taus.pdf Graphic file (type pdf)
<use Figures/3_Taus.pdf>
Package pdftex.def Info: Figures/3_Taus.pdf  used on input line 413.
(pdftex.def)             Requested size: 617.239pt x 411.49776pt.
<Figures/3-PredictionsH.pdf, id=26, 781.92125pt x 508.90125pt>
File: Figures/3-PredictionsH.pdf Graphic file (type pdf)
<use Figures/3-PredictionsH.pdf>
Package pdftex.def Info: Figures/3-PredictionsH.pdf  used on input line 413.
(pdftex.def)             Requested size: 308.61949pt x 200.86237pt.
<Figures/3-PredictionsF.pdf, id=27, 781.92125pt x 508.90125pt>
File: Figures/3-PredictionsF.pdf Graphic file (type pdf)
<use Figures/3-PredictionsF.pdf>
Package pdftex.def Info: Figures/3-PredictionsF.pdf  used on input line 413.
(pdftex.def)             Requested size: 308.61949pt x 200.86237pt.
<Figures/3-Exp1_TauH.pdf, id=28, 781.92125pt x 508.90125pt>
File: Figures/3-Exp1_TauH.pdf Graphic file (type pdf)
<use Figures/3-Exp1_TauH.pdf>
Package pdftex.def Info: Figures/3-Exp1_TauH.pdf  used on input line 413.
(pdftex.def)             Requested size: 308.61949pt x 200.86237pt.
<Figures/3-Exp1_TauF.pdf, id=29, 781.92125pt x 508.90125pt>
File: Figures/3-Exp1_TauF.pdf Graphic file (type pdf)
<use Figures/3-Exp1_TauF.pdf>
Package pdftex.def Info: Figures/3-Exp1_TauF.pdf  used on input line 413.
(pdftex.def)             Requested size: 308.61949pt x 200.86237pt.
<Figures/3-Exp1_BFH0.pdf, id=30, 781.92125pt x 508.90125pt>
File: Figures/3-Exp1_BFH0.pdf Graphic file (type pdf)
<use Figures/3-Exp1_BFH0.pdf>
Package pdftex.def Info: Figures/3-Exp1_BFH0.pdf  used on input line 413.
(pdftex.def)             Requested size: 308.61949pt x 200.86237pt.
<Figures/3-Exp1_BFF0.pdf, id=31, 781.92125pt x 508.90125pt>
File: Figures/3-Exp1_BFF0.pdf Graphic file (type pdf)
<use Figures/3-Exp1_BFF0.pdf>
Package pdftex.def Info: Figures/3-Exp1_BFF0.pdf  used on input line 413.
(pdftex.def)             Requested size: 308.61949pt x 200.86237pt.
<Figures/3-Exp2_TauH.pdf, id=32, 781.92125pt x 508.90125pt>
File: Figures/3-Exp2_TauH.pdf Graphic file (type pdf)
<use Figures/3-Exp2_TauH.pdf>
Package pdftex.def Info: Figures/3-Exp2_TauH.pdf  used on input line 413.
(pdftex.def)             Requested size: 308.61949pt x 200.86237pt.
<Figures/3-Exp2_TauF.pdf, id=33, 781.92125pt x 508.90125pt>
File: Figures/3-Exp2_TauF.pdf Graphic file (type pdf)
<use Figures/3-Exp2_TauF.pdf>
Package pdftex.def Info: Figures/3-Exp2_TauF.pdf  used on input line 413.
(pdftex.def)             Requested size: 308.61949pt x 200.86237pt.
<Figures/3-Exp2_BFH0.pdf, id=34, 781.92125pt x 508.90125pt>
File: Figures/3-Exp2_BFH0.pdf Graphic file (type pdf)
<use Figures/3-Exp2_BFH0.pdf>
Package pdftex.def Info: Figures/3-Exp2_BFH0.pdf  used on input line 413.
(pdftex.def)             Requested size: 308.61949pt x 200.86237pt.
<Figures/3-Exp2_BFF0.pdf, id=35, 781.92125pt x 508.90125pt>
File: Figures/3-Exp2_BFF0.pdf Graphic file (type pdf)
<use Figures/3-Exp2_BFF0.pdf>
Package pdftex.def Info: Figures/3-Exp2_BFF0.pdf  used on input line 413.
(pdftex.def)             Requested size: 308.61949pt x 200.86237pt.

Overfull \hbox (846.38474pt too wide) in paragraph at lines 413--413
[][][][][][][][]  
 []


Underfull \hbox (badness 10000) detected at line 413
[][][][][][][][][]
 []

<Figures/4_Contaminant.pdf, id=40, 758.835pt x 505.89pt>
File: Figures/4_Contaminant.pdf Graphic file (type pdf)
<use Figures/4_Contaminant.pdf>
Package pdftex.def Info: Figures/4_Contaminant.pdf  used on input line 413.
(pdftex.def)             Requested size: 582.04395pt x 388.03896pt.
<Figures/4-Exp1_Beta11.pdf, id=41, 781.92125pt x 508.90125pt>
File: Figures/4-Exp1_Beta11.pdf Graphic file (type pdf)
<use Figures/4-Exp1_Beta11.pdf>
Package pdftex.def Info: Figures/4-Exp1_Beta11.pdf  used on input line 413.
(pdftex.def)             Requested size: 390.80365pt x 254.34904pt.
<Figures/4-Exp2_Beta11-20.pdf, id=42, 781.92125pt x 508.90125pt>
File: Figures/4-Exp2_Beta11-20.pdf Graphic file (type pdf)
<use Figures/4-Exp2_Beta11-20.pdf>
Package pdftex.def Info: Figures/4-Exp2_Beta11-20.pdf  used on input line 413.
(pdftex.def)             Requested size: 390.80365pt x 254.34904pt.

Overfull \hbox (45.53601pt too wide) detected at line 413
[][][] [][][][][][][][][] [][][][][][][][][] [][][][][][][][][] [][][][][][][][
][] [][][][][][][] [][] [][][][][][][] 
 []


Overfull \vbox (27.87907pt too high) detected at line 413
 []


Overfull \hbox (88.20334pt too wide) has occurred while \output is active
[]
 []

[1{C:/Users/Jaime/AppData/Local/MiKTeX/2.9/pdftex/config/pdftex.map}

 <./Figures/UNAMiwi.png> <./Figures/Lab25.png> <./Figures/MirrorEffect.png> <./
Figures/MainTask3.png> <./Figures/0_HierarchicalSDT.pdf> <./Figures/0-Exp1.pdf>
 <./Figures/0-Exp2.pdf

pdfTeX warning: pdflatex (file ./Figures/0-Exp2.pdf): PDF inclusion: multiple p
dfs with page group included in a single page
> <./Figures/1_DiffD.pdf> <./Figures/1-Exp1_1.pdf

pdfTeX warning: pdflatex (file ./Figures/1-Exp1_1.pdf): PDF inclusion: multiple
 pdfs with page group included in a single page
> <./Figures/1-Exp1_2.pdf

pdfTeX warning: pdflatex (file ./Figures/1-Exp1_2.pdf): PDF inclusion: multiple
 pdfs with page group included in a single page
> <./Figures/1-Exp2_1.pdf

pdfTeX warning: pdflatex (file ./Figures/1-Exp2_1.pdf): PDF inclusion: multiple
 pdfs with page group included in a single page
> <./Figures/1-Exp2_2.pdf

pdfTeX warning: pdflatex (file ./Figures/1-Exp2_2.pdf): PDF inclusion: multiple
 pdfs with page group included in a single page
> <./Figures/3_Taus.pdf> <./Figures/3-PredictionsH.pdf

pdfTeX warning: pdflatex (file ./Figures/3-PredictionsH.pdf): PDF inclusion: mu
ltiple pdfs with page group included in a single page
> <./Figures/3-PredictionsF.pdf

pdfTeX warning: pdflatex (file ./Figures/3-PredictionsF.pdf): PDF inclusion: mu
ltiple pdfs with page group included in a single page
> <./Figures/3-Exp1_TauH.pdf

pdfTeX warning: pdflatex (file ./Figures/3-Exp1_TauH.pdf): PDF inclusion: multi
ple pdfs with page group included in a single page
> <./Figures/3-Exp1_TauF.pdf

pdfTeX warning: pdflatex (file ./Figures/3-Exp1_TauF.pdf): PDF inclusion: multi
ple pdfs with page group included in a single page
> <./Figures/3-Exp1_BFH0.pdf

pdfTeX warning: pdflatex (file ./Figures/3-Exp1_BFH0.pdf): PDF inclusion: multi
ple pdfs with page group included in a single page
> <./Figures/3-Exp1_BFF0.pdf

pdfTeX warning: pdflatex (file ./Figures/3-Exp1_BFF0.pdf): PDF inclusion: multi
ple pdfs with page group included in a single page
> <./Figures/3-Exp2_TauH.pdf

pdfTeX warning: pdflatex (file ./Figures/3-Exp2_TauH.pdf): PDF inclusion: multi
ple pdfs with page group included in a single page
> <./Figures/3-Exp2_TauF.pdf

pdfTeX warning: pdflatex (file ./Figures/3-Exp2_TauF.pdf): PDF inclusion: multi
ple pdfs with page group included in a single page
> <./Figures/3-Exp2_BFH0.pdf

pdfTeX warning: pdflatex (file ./Figures/3-Exp2_BFH0.pdf): PDF inclusion: multi
ple pdfs with page group included in a single page
> <./Figures/3-Exp2_BFF0.pdf

pdfTeX warning: pdflatex (file ./Figures/3-Exp2_BFF0.pdf): PDF inclusion: multi
ple pdfs with page group included in a single page
> <./Figures/4_Contaminant.pdf> <./Figures/4-Exp1_Beta11.pdf

pdfTeX warning: pdflatex (file ./Figures/4-Exp1_Beta11.pdf): PDF inclusion: mul
tiple pdfs with page group included in a single page
> <./Figures/4-Exp2_Beta11-20.pdf

pdfTeX warning: pdflatex (file ./Figures/4-Exp2_Beta11-20.pdf): PDF inclusion: 
multiple pdfs with page group included in a single page
>]
\tf@nav=\write6
\openout6 = `JPoster_MathPsych.nav'.

\tf@toc=\write7
\openout7 = `JPoster_MathPsych.toc'.

\tf@snm=\write8
\openout8 = `JPoster_MathPsych.snm'.

Package atveryend Info: Empty hook `BeforeClearDocument' on input line 414.
Package atveryend Info: Empty hook `AfterLastShipout' on input line 414.
 (JPoster_MathPsych.aux)
Package atveryend Info: Executing hook `AtVeryEndDocument' on input line 414.
Package atveryend Info: Executing hook `AtEndAfterFileList' on input line 414.
Package rerunfilecheck Info: File `JPoster_MathPsych.out' has not changed.
(rerunfilecheck)             Checksum: D41D8CD98F00B204E9800998ECF8427E;0.


LaTeX Font Warning: Size substitutions with differences
(Font)              up to 5.97pt have occurred.

 ) 
Here is how much of TeX's memory you used:
 23517 strings out of 492895
 464460 string characters out of 3123736
 670139 words of memory out of 3000000
 26828 multiletter control sequences out of 15000+200000
 89977 words of font info for 84 fonts, out of 3000000 for 9000
 1141 hyphenation exceptions out of 8191
 60i,23n,68p,880b,1976s stack positions out of 5000i,500n,10000p,200000b,50000s
{C:/Users/Jaime/AppData/Local/Programs/MiKTeX 2.9/fonts/enc/dvips/lm/lm-ec.en
c}{C:/Users/Jaime/AppData/Local/Programs/MiKTeX 2.9/fonts/enc/dvips/lm/lm-maths
y.enc}{C:/Users/Jaime/AppData/Local/Programs/MiKTeX 2.9/fonts/enc/dvips/lm/lm-r
m.enc}{C:/Users/Jaime/AppData/Local/Programs/MiKTeX 2.9/fonts/enc/dvips/lm/lm-m
athit.enc}<C:/Users/Jaime/AppData/Local/Programs/MiKTeX 2.9/fonts/type1/public/
amsfonts/cm/cmex10.pfb><C:/Users/Jaime/AppData/Local/Programs/MiKTeX 2.9/fonts/
type1/public/amsfonts/cm/cmmi12.pfb><C:/Users/Jaime/AppData/Local/Programs/MiKT
eX 2.9/fonts/type1/public/amsfonts/cm/cmr12.pfb><C:/Users/Jaime/AppData/Local/P
rograms/MiKTeX 2.9/fonts/type1/public/amsfonts/cm/cmr17.pfb><C:/Users/Jaime/App
Data/Local/Programs/MiKTeX 2.9/fonts/type1/public/amsfonts/cm/cmsy10.pfb><C:/Us
ers/Jaime/AppData/Local/Programs/MiKTeX 2.9/fonts/type1/public/lm/lmbx12.pfb><C
:/Users/Jaime/AppData/Local/Programs/MiKTeX 2.9/fonts/type1/public/lm/lmmi12.pf
b><C:/Users/Jaime/AppData/Local/Programs/MiKTeX 2.9/fonts/type1/public/lm/lmr17
.pfb><C:/Users/Jaime/AppData/Local/Programs/MiKTeX 2.9/fonts/type1/public/lm/lm
ri12.pfb><C:/Users/Jaime/AppData/Local/Programs/MiKTeX 2.9/fonts/type1/public/l
m/lmss17.pfb><C:/Users/Jaime/AppData/Local/Programs/MiKTeX 2.9/fonts/type1/publ
ic/lm/lmssbx10.pfb><C:/Users/Jaime/AppData/Local/Programs/MiKTeX 2.9/fonts/type
1/public/lm/lmsy10.pfb>
Output written on H.df (1 page, 5134276 bytes).
PDF statistics:
 415 PDF objects out of 1000 (max. 8388607)
 4 named destinations out of 1000 (max. 500000)
 179 words of extra memory for PDF output out of 10000 (max. 10000000)

